=== Analyzing PS3 ELF: /Users/mihailurmanschi/Work/PsOldRemotePlay/research/pupps3/decrypted_elfs/sysconf_plugin.elf ===
Output prefix: /Users/mihailurmanschi/Work/PsOldRemotePlay/research/tools/re_tools/output/elf_sysconf_plugin/sysconf_plugin

[1/8] File identification...
/Users/mihailurmanschi/Work/PsOldRemotePlay/research/pupps3/decrypted_elfs/sysconf_plugin.elf: ELF 64-bit MSB processor-specific, 64-bit PowerPC or cisco 7500, version 1

[2/8] ELF header (first 128 bytes)...
00000000: 7f45 4c46 0202 0166 0000 0000 0000 0000  .ELF...f........
00000010: ffa4 0015 0000 0001 0000 0000 0000 0000  ................
00000020: 0000 0000 0000 0040 0000 0000 0000 0000  .......@........
00000030: 0100 0000 0040 0038 0003 0000 0000 0000  .....@.8........
00000040: 0000 0001 0040 0005 0000 0000 0000 00f0  .....@..........
00000050: 0000 0000 0000 0000 0000 0000 0013 05f4  ................
00000060: 0000 0000 0015 394c 0000 0000 0015 394c  ......9L......9L
00000070: 0000 0000 0000 0010 0000 0001 0060 0006  .............`..

[3/8] Extracting strings...
  Found     8505 strings (saved to /Users/mihailurmanschi/Work/PsOldRemotePlay/research/tools/re_tools/output/elf_sysconf_plugin/sysconf_plugin_strings.txt)
  Crypto-related strings:
    cellDivXDrm
    cellSsl
    xRegistry.sys
    %s/archive_00.dat
    %s/archive
    %s/archive2
    /xRegistry.sys
    init_registry
    OnActivateMenuGameConfig
    OnActivateGameConfigWizard
    OnActivateMenuBdvdConfig
    OnActivateMenuMusicConfig
    OnActivateMusicConfigWizard
    OnActivateMenuChatConfig
    OnActivateMenuConsoleConfig
    OnActivatePageConsole
    OnInitRegisteredPSVitaListConfigWizard
    OnCancelRegisteredPSVitaListConfigWizard
    OnActivateRegPSVitaConfigWizard
    OnInitPageWordRegistrationWizard
    OnActivatePageWordRegistrationWizard
    OnCancelPageWordRegistrationWizard
    OnInitMlistWordRegistrationWizard
    OnScrollInMlistWordRegistrationWizard
    OnCursorMoveMlistWordRegistrationWizard
    OnPushMlistWordRegistrationWizard
    OnInitButtonWordRegistrationWizard
    OnFocusUpButtonWordRegistrationWizard
    OnFocusDownButtonWordRegistrationWizard
    OnPushButtonWordRegistrationWizard

[4/8] Symbol table...
  Found        0 symbols

[5/8] Searching for known crypto constants...
  IV_BASE_PSP          found at file offset 0x150FA0
  IV_BASE_PHONE        found at file offset 0x150FC0
  IV_BASE_PC           found at file offset 0x150FE0
  SKEY0                not found
  SKEY2                not found

[6/8] radare2 analysis...
  Getting binary info...
    arch     ppc
    baddr    0x0
    binsz    2426896
    bintype  elf
    bits     64
    canary   false
    injprot  true
    class    ELF64
    flags    0x1000000
    crypto   false
    endian   big
    havecode true
    laddr    0x0
    lang     c
    linenum  false
    lsyms    false
    machine  PowerPC 64-bit
    nx       false
    os       linux
    pic      false
    relocs   false
    relro    no
    rpath    NONE
    sanitize false
    static   true
    stripped true
    uncaps   false
    subsys   linux
    va       true

  Sections:
    nth paddr  size vaddr  vsize perm flags type name
    ―――――――――――――――――――――――――――――――――――――――――――――――――

  Imports:
    nth vaddr bind type lib name
    ――――――――――――――――――――――――――――

  Exports:
    nth paddr vaddr bind type size lib name demangled
    ―――――――――――――――――――――――――――――――――――――――――――――――――

[7/8] Disassembling registration handler addresses...

  === Address 0x100168 (64 instructions) ===
                [38;5;34m0x00100168[0m      [38;5;75mf8[38;5;178m21[38;5;75mfd[38;5;178m51[0m       [38;5;127mstdu[38;5;251m r1[0m,[38;5;178m[38;5;178m [38;5;34m-[38;5;34m0x2b0[0m([38;5;251mr1[0m)[38;5;251m[0m[0m
                [38;5;34m0x0010016c[0m      [38;5;178m7c[38;5;75m08[38;5;75m02[38;5;75ma6[0m       [38;5;75mmflr[38;5;251m r0[0m[0m
                [38;5;34m0x00100170[0m      [38;5;75mfa[38;5;75mc1[38;5;75m02[38;5;178m60[0m       [38;5;127mstd[38;5;251m r22[0m,[38;5;178m[38;5;178m [38;5;34m0x260[0m([38;5;251mr1[0m)[38;5;251m[0m[0m
                [38;5;34m0x00100174[0m      [38;5;75mf8[38;5;75m01[38;5;75m02[38;5;75mc0[0m       [38;5;127mstd[38;5;251m r0[0m,[38;5;178m[38;5;178m [38;5;34m0x2c0[0m([38;5;251mr1[0m)[38;5;251m[0m[0m
                [38;5;34m0x00100178[0m      [38;5;178m7c[38;5;178m60[38;5;75m1b[38;5;178m78[0m       [38;5;75mmr[38;5;251m r0[0m,[38;5;251m r3[0m[0m
                [38;5;34m0x0010017c[0m      [38;5;178m38[38;5;178m60[38;5;34m00[38;5;34m00[0m       [38;5;75mli[38;5;251m r3[0m,[38;5;251m [38;5;34m0[0m[0m
                [38;5;34m0x00100180[0m      [38;5;75mfa[38;5;178m61[38;5;75m02[38;5;178m48[0m       [38;5;127mstd[38;5;251m r19[0m,[38;5;178m[38;5;178m [38;5;34m0x248[0m([38;5;251mr1[0m)[38;5;251m[0m[0m
                [38;5;34m0x00100184[0m      [38;5;75mfa[38;5;75m81[38;5;75m02[38;5;178m50[0m       [38;5;127mstd[38;5;251m r20[0m,[38;5;178m[38;5;178m [38;5;34m0x250[0m([38;5;251mr1[0m)[38;5;251m[0m[0m
                [38;5;34m0x00100188[0m      [38;5;75mfa[38;5;75ma1[38;5;75m02[38;5;178m58[0m       [38;5;127mstd[38;5;251m r21[0m,[38;5;178m[38;5;178m [38;5;34m0x258[0m([38;5;251mr1[0m)[38;5;251m[0m[0m
                [38;5;34m0x0010018c[0m      [38;5;75mfa[38;5;75me1[38;5;75m02[38;5;178m68[0m       [38;5;127mstd[38;5;251m r23[0m,[38;5;178m[38;5;178m [38;5;34m0x268[0m([38;5;251mr1[0m)[38;5;251m[0m[0m
                [38;5;34m0x00100190[0m      [38;5;75mfb[38;5;75m01[38;5;75m02[38;5;178m70[0m       [38;5;127mstd[38;5;251m r24[0m,[38;5;178m[38;5;178m [38;5;34m0x270[0m([38;5;251mr1[0m)[38;5;251m[0m[0m
                [38;5;34m0x00100194[0m      [38;5;75mfb[38;5;178m21[38;5;75m02[38;5;178m78[0m       [38;5;127mstd[38;5;251m r25[0m,[38;5;178m[38;5;178m [38;5;34m0x278[0m([38;5;251mr1[0m)[38;5;251m[0m[0m
                [38;5;34m0x00100198[0m      [38;5;75mfb[38;5;178m41[38;5;75m02[38;5;75m80[0m       [38;5;127mstd[38;5;251m r26[0m,[38;5;178m[38;5;178m [38;5;34m0x280[0m([38;5;251mr1[0m)[38;5;251m[0m[0m
                [38;5;34m0x0010019c[0m      [38;5;75mfb[38;5;178m61[38;5;75m02[38;5;75m88[0m       [38;5;127mstd[38;5;251m r27[0m,[38;5;178m[38;5;178m [38;5;34m0x288[0m([38;5;251mr1[0m)[38;5;251m[0m[0m
                [38;5;34m0x001001a0[0m      [38;5;75mfb[38;5;75m81[38;5;75m02[38;5;75m90[0m       [38;5;127mstd[38;5;251m r28[0m,[38;5;178m[38;5;178m [38;5;34m0x290[0m([38;5;251mr1[0m)[38;5;251m[0m[0m
                [38;5;34m0x001001a4[0m      [38;5;75mfb[38;5;75ma1[38;5;75m02[38;5;75m98[0m       [38;5;127mstd[38;5;251m r29[0m,[38;5;178m[38;5;178m [38;5;34m0x298[0m([38;5;251mr1[0m)[38;5;251m[0m[0m
                [38;5;34m0x001001a8[0m      [38;5;75mfb[38;5;75mc1[38;5;75m02[38;5;75ma0[0m       [38;5;127mstd[38;5;251m r30[0m,[38;5;178m[38;5;178m [38;5;34m0x2a0[0m([38;5;251mr1[0m)[38;5;251m[0m[0m
                [38;5;34m0x001001ac[0m      [38;5;75mfb[38;5;75me1[38;5;75m02[38;5;75ma8[0m       [38;5;127mstd[38;5;251m r31[0m,[38;5;178m[38;5;178m [38;5;34m0x2a8[0m([38;5;251mr1[0m)[38;5;251m[0m[0m
                [38;5;34m0x001001b0[0m      [38;5;178m7c[38;5;75m16[38;5;75m03[38;5;178m78[0m       [38;5;75mmr[38;5;251m r22[0m,[38;5;251m r0[0m[0m
                [38;5;34m0x001001b4[0m      [38;5;178m48[38;5;75m02[38;5;75mbc[38;5;75m15[0m       [1;38;5;34mbl[38;5;178m [38;5;34m0x12bdc8[0m[0m
                [38;5;34m0x001001b8[0m      [38;5;178m78[38;5;178m63[38;5;34m00[38;5;178m20[0m       [38;5;178mclrldi[38;5;251m r3[0m,[38;5;251m r3[0m,[38;5;178m[38;5;178m [38;5;34m0x20[0m[0m
                [38;5;34m0x001001bc[0m      [38;5;178m48[38;5;75m02[38;5;75mb7[38;5;75m05[0m       [1;38;5;34mbl[38;5;178m [38;5;34m0x12b8c0[0m[0m
                [38;5;34m0x001001c0[0m      [38;5;178m3a[38;5;178m76[38;5;34m00[38;5;178m40[0m       [38;5;178maddi[38;5;251m r19[0m,[38;5;251m r22[0m,[38;5;178m[38;5;178m [38;5;178m0x40[0m[0m
                [38;5;34m0x001001c4[0m      [38;5;178m38[38;5;75m80[38;5;34m00[38;5;75m13[0m       [38;5;75mli[38;5;251m r4[0m,[38;5;178m[38;5;178m [38;5;34m0x13[0m[0m
                [38;5;34m0x001001c8[0m      [38;5;178m7a[38;5;178m7d[38;5;34m00[38;5;178m20[0m       [38;5;178mclrldi[38;5;251m r29[0m,[38;5;251m r19[0m,[38;5;178m[38;5;178m [38;5;34m0x20[0m[0m
                [38;5;34m0x001001cc[0m      [38;5;178m38[38;5;75ma0[38;5;34m00[38;5;34m00[0m       [38;5;75mli[38;5;251m r5[0m,[38;5;251m [38;5;34m0[0m[0m
                [38;5;34m0x001001d0[0m      [38;5;75m7f[38;5;75ma3[38;5;75meb[38;5;178m78[0m       [38;5;75mmr[38;5;251m r3[0m,[38;5;251m r29[0m[0m
                [38;5;34m0x001001d4[0m      [38;5;178m4b[38;5;160mff[38;5;75me9[38;5;178m75[0m       [1;38;5;34mbl[38;5;178m [38;5;34m0xfeb48[0m[0m
                [38;5;34m0x001001d8[0m      [38;5;178m38[38;5;75m81[38;5;34m00[38;5;75m90[0m       [38;5;178maddi[38;5;251m r4[0m,[38;5;251m r1[0m,[38;5;178m[38;5;178m [38;5;34m0x90[0m[0m
                [38;5;34m0x001001dc[0m      [38;5;75m7f[38;5;75ma3[38;5;75meb[38;5;178m78[0m       [38;5;75mmr[38;5;251m r3[0m,[38;5;251m r29[0m[0m
                [38;5;34m0x001001e0[0m      [38;5;178m78[38;5;75m84[38;5;34m00[38;5;178m20[0m       [38;5;178mclrldi[38;5;251m r4[0m,[38;5;251m r4[0m,[38;5;178m[38;5;178m [38;5;34m0x20[0m[0m
                [38;5;34m0x001001e4[0m      [38;5;178m4b[38;5;160mff[38;5;75me6[38;5;178m75[0m       [1;38;5;34mbl[38;5;178m [38;5;34m0xfe858[0m[0m
                [38;5;34m0x001001e8[0m      [38;5;75m81[38;5;178m21[38;5;34m00[38;5;75m90[0m       [38;5;127mlwz[38;5;251m r9[0m,[38;5;178m[38;5;178m [38;5;34m0x90[0m([38;5;251mr1[0m)[38;5;251m[0m[0m
                [38;5;34m0x001001ec[0m      [38;5;178m55[38;5;178m20[38;5;75m06[38;5;75mf6[0m       [38;5;178mrlwinm[38;5;251m r0[0m,[38;5;251m r9[0m,[38;5;251m [38;5;34m0[0m,[38;5;178m[38;5;178m [38;5;34m0x1b[0m,[38;5;178m[38;5;178m [38;5;34m0x1b[0m[0m
                [38;5;34m0x001001f0[0m      [38;5;178m2f[38;5;75m80[38;5;34m00[38;5;34m00[0m       [38;5;75mcmpwi[38;5;251m cr7[0m,[38;5;251m r0[0m,[38;5;251m [38;5;34m0[0m[0m
            [38;5;75m┌[0m[38;5;75m─[0m[38;5;75m<[0m [38;5;34m0x001001f4[0m      [38;5;178m40[38;5;75m9e[38;5;75m0b[38;5;178m28[0m       [38;5;34mbne[38;5;251m cr7[0m,[38;5;178m[38;5;178m [38;5;34m0x100d1c[0m[0m
            [38;5;75m│[0m   [38;5;34m0x001001f8[0m      [38;5;178m55[38;5;178m20[38;5;75m07[38;5;75mbc[0m       [38;5;178mrlwinm[38;5;251m r0[0m,[38;5;251m r9[0m,[38;5;251m [38;5;178m0[0m,[38;5;178m[38;5;178m [38;5;34m0x1e[0m,[38;5;178m[38;5;178m [38;5;34m0x1e[0m[0m
            [38;5;75m│[0m   [38;5;34m0x001001fc[0m      [38;5;178m2f[38;5;75m80[38;5;34m00[38;5;34m00[0m       [38;5;75mcmpwi[38;5;251m cr7[0m,[38;5;251m r0[0m,[38;5;251m [38;5;34m0[0m[0m
            [38;5;75m│[0m   [38;5;34m0x00100200[0m      [38;5;178m41[38;5;75m9e[38;5;34m00[38;5;75m18[0m       [38;5;75mbeq[38;5;251m cr7[0m,[38;5;178m[38;5;178m [38;5;34m0x100218[0m[0m
            [38;5;75m│[0m   [38;5;34m0x00100204[0m      [38;5;178m38[38;5;75m80[38;5;34m00[38;5;34m00[0m       [38;5;75mli[38;5;251m r4[0m,[38;5;251m [38;5;34m0[0m[0m
            [38;5;75m│[0m   [38;5;34m0x00100208[0m      [38;5;75m7f[38;5;75ma3[38;5;75meb[38;5;178m78[0m       [38;5;75mmr[38;5;251m r3[0m,[38;5;251m r29[0m[0m
            [38;5;75m│[0m   [38;5;34m0x0010020c[0m      [38;5;178m64[38;5;75m84[38;5;160mff[38;5;160mff[0m       [38;5;178moris[38;5;251m r4[0m,[38;5;251m r4[0m,[38;5;178m[38;5;178m [38;5;34m0xffff[0m[0m
            [38;5;75m│[0m   [38;5;34m0x00100210[0m      [38;5;178m60[38;5;75m84[38;5;160mff[38;5;75mfc[0m       [38;5;178mori[38;5;251m r4[0m,[38;5;251m r4[0m,[38;5;178m[38;5;178m [38;5;34m0xfffc[0m[0m
           [38;5;75m┌[0m[38;5;75m─[0m[38;5;75m─[0m[38;5;75m<[0m [38;5;34m0x00100214[0m      [38;5;178m48[38;5;34m00[38;5;75m0b[38;5;34m00[0m       [38;5;34mb[38;5;178m [38;5;34m0x100d14[0m[0m
           [38;5;75m│[0m[38;5;75m│[0m   [38;5;34m0x00100218[0m      [38;5;178m55[38;5;178m20[38;5;75m07[38;5;75mfe[0m       [38;5;178mclrlwi[38;5;251m r0[0m,[38;5;251m r9[0m,[38;5;178m[38;5;178m [38;5;34m0x1f[0m[0m
           [38;5;75m│[0m[38;5;75m│[0m   [38;5;34m0x0010021c[0m      [38;5;178m2f[38;5;75m80[38;5;34m00[38;5;34m00[0m       [38;5;75mcmpwi[38;5;251m cr7[0m,[38;5;251m r0[0m,[38;5;251m [38;5;34m0[0m[0m
           [38;5;75m│[0m[38;5;75m│[0m   [38;5;34m0x00100220[0m      [38;5;178m41[38;5;75m9e[38;5;160mff[38;5;75ma0[0m       [38;5;75mbeq[38;5;251m cr7[0m,[38;5;178m[38;5;178m [38;5;34m0x1001c0[0m[0m
           [38;5;75m│[0m[38;5;75m│[0m   [38;5;34m0x00100224[0m      [38;5;178m3a[38;5;75mb6[38;5;34m00[38;5;178m68[0m       [38;5;178maddi[38;5;251m r21[0m,[38;5;251m r22[0m,[38;5;178m[38;5;178m [38;5;34m0x68[0m[0m
           [38;5;75m│[0m[38;5;75m│[0m   [38;5;34m0x00100228[0m      [38;5;178m7a[38;5;75mdf[38;5;34m00[38;5;178m20[0m       [38;5;178mclrldi[38;5;251m r31[0m,[38;5;251m r22[0m,[38;5;178m[38;5;178m [38;5;34m0x20[0m[0m
           [38;5;75m│[0m[38;5;75m│[0m   [38;5;34m0x0010022c[0m      [38;5;178m7a[38;5;75mbc[38;5;34m00[38;5;178m20[0m       [38;5;178mclrldi[38;5;251m r28[0m,[38;5;251m r21[0m,[38;5;178m[38;5;178m [38;5;34m0x20[0m[0m
           [38;5;75m│[0m[38;5;75m│[0m   [38;5;34m0x00100230[0m      [38;5;178m38[38;5;75m80[38;5;34m00[38;5;34m00[0m       [38;5;75mli[38;5;251m r4[0m,[38;5;251m [38;5;34m0[0m[0m
           [38;5;75m│[0m[38;5;75m│[0m   [38;5;34m0x00100234[0m      [38;5;178m38[38;5;75ma0[38;5;75m04[38;5;34m00[0m       [38;5;75mli[38;5;251m r5[0m,[38;5;178m[38;5;178m [38;5;34m0x400[0m[0m
           [38;5;75m│[0m[38;5;75m│[0m   [38;5;34m0x00100238[0m      [38;5;75m7f[38;5;75m83[38;5;75me3[38;5;178m78[0m       [38;5;75mmr[38;5;251m r3[0m,[38;5;251m r28[0m[0m
           [38;5;75m│[0m[38;5;75m│[0m   [38;5;34m0x0010023c[0m      [38;5;178m48[38;5;75m02[38;5;75mf3[38;5;75mfd[0m       [1;38;5;34mbl[38;5;178m [38;5;34m0x12f638[0m[0m
           [38;5;75m│[0m[38;5;75m│[0m   [38;5;34m0x00100240[0m      [38;5;75m80[38;5;75m7f[38;5;34m00[38;5;178m24[0m       [38;5;127mlwz[38;5;251m r3[0m,[38;5;178m[38;5;178m [38;5;34m0x24[0m([38;5;251mr31[0m)[38;5;251m[0m[0m
           [38;5;75m│[0m[38;5;75m│[0m   [38;5;34m0x00100244[0m      [38;5;75m7f[38;5;75m84[38;5;75me3[38;5;178m78[0m       [38;5;75mmr[38;5;251m r4[0m,[38;5;251m r28[0m[0m
           [38;5;75m│[0m[38;5;75m│[0m   [38;5;34m0x00100248[0m      [38;5;178m7c[38;5;178m63[38;5;75m07[38;5;75mb4[0m       [38;5;75mextsw[38;5;251m r3[0m,[38;5;251m r3[0m[0m
           [38;5;75m│[0m[38;5;75m│[0m   [38;5;34m0x0010024c[0m      [38;5;178m38[38;5;75ma0[38;5;75m04[38;5;34m00[0m       [38;5;75mli[38;5;251m r5[0m,[38;5;178m[38;5;178m [38;5;34m0x400[0m[0m
           [38;5;75m│[0m[38;5;75m│[0m   [38;5;34m0x00100250[0m      [38;5;178m48[38;5;34m00[38;5;75m14[38;5;75m19[0m       [1;38;5;34mbl[38;5;178m [38;5;34m0x101668[0m[0m
           [38;5;75m│[0m[38;5;75m│[0m   [38;5;34m0x00100254[0m      [38;5;178m2f[38;5;75m83[38;5;34m00[38;5;34m00[0m       [38;5;75mcmpwi[38;5;251m cr7[0m,[38;5;251m r3[0m,[38;5;251m [38;5;34m0[0m[0m
           [38;5;75m│[0m[38;5;75m│[0m   [38;5;34m0x00100258[0m      [38;5;178m7c[38;5;178m7a[38;5;75m1b[38;5;178m78[0m       [38;5;75mmr[38;5;251m r26[0m,[38;5;251m r3[0m[0m
           [38;5;75m│[0m[38;5;75m│[0m   [38;5;34m0x0010025c[0m      [38;5;178m40[38;5;75m9d[38;5;75m09[38;5;75mbc[0m       [38;5;75mble[38;5;251m cr7[0m,[38;5;178m[38;5;178m [38;5;34m0x100c18[0m[0m
           [38;5;75m│[0m[38;5;75m│[0m   [38;5;34m0x00100260[0m      [38;5;178m3c[38;5;75m80[38;5;34m00[38;5;75m15[0m       [38;5;75mlis[38;5;251m r4[0m,[38;5;178m[38;5;178m [38;5;34m0x15[0m[0m
           [38;5;75m│[0m[38;5;75m│[0m   [38;5;34m0x00100264[0m      [38;5;178m78[38;5;178m65[38;5;34m00[38;5;178m20[0m       [38;5;178mclrldi[38;5;251m r5[0m,[38;5;251m r3[0m,[38;5;178m[38;5;178m [38;5;34m0x20[0m[0m

  === Address 0x1004F4 (64 instructions) ===
           [38;5;27m╎[0m[38;5;27m╎[0m   [38;5;34m0x001004f4[0m      [38;5;75m89[38;5;178m2a[38;5;34m00[38;5;34m00[0m       [38;5;127mlbz[38;5;251m r9[0m,[38;5;251m [38;5;178m0[0m([38;5;251mr10[0m)[38;5;251m[0m[0m
           [38;5;27m╎[0m[38;5;27m╎[0m   [38;5;34m0x001004f8[0m      [38;5;75m88[38;5;75m0b[38;5;34m00[38;5;34m00[0m       [38;5;127mlbz[38;5;251m r0[0m,[38;5;251m [38;5;178m0[0m([38;5;251mr11[0m)[38;5;251m[0m[0m
           [38;5;27m╎[0m[38;5;27m╎[0m   [38;5;34m0x001004fc[0m      [38;5;178m7d[38;5;178m29[38;5;75m02[38;5;178m78[0m       [38;5;178mxor[38;5;251m r9[0m,[38;5;251m r9[0m,[38;5;251m r0[0m[0m
           [38;5;27m╎[0m[38;5;27m╎[0m   [38;5;34m0x00100500[0m      [38;5;178m7d[38;5;178m27[38;5;178m48[38;5;178m50[0m       [38;5;178msubf[38;5;251m r9[0m,[38;5;251m r7[0m,[38;5;251m r9[0m[0m
           [38;5;27m╎[0m[38;5;27m╎[0m   [38;5;34m0x00100504[0m      [38;5;178m38[38;5;75me7[38;5;34m00[38;5;75m01[0m       [38;5;178maddi[38;5;251m r7[0m,[38;5;251m r7[0m,[38;5;251m [38;5;34m1[0m[0m
           [38;5;27m╎[0m[38;5;27m╎[0m   [38;5;34m0x00100508[0m      [38;5;178m39[38;5;178m29[38;5;160mff[38;5;75mdb[0m       [38;5;178maddi[38;5;251m r9[0m,[38;5;251m r9[0m,[38;5;178m[38;5;178m [38;5;34m-[38;5;34m0x25[0m[0m
           [38;5;27m╎[0m[38;5;27m╎[0m   [38;5;34m0x0010050c[0m      [38;5;75m99[38;5;178m2a[38;5;34m00[38;5;34m00[0m       [38;5;127mstb[38;5;251m r9[0m,[38;5;251m [38;5;178m0[0m([38;5;251mr10[0m)[38;5;251m[0m[0m
           [38;5;27m└[0m[38;5;27m─[0m[38;5;27m─[0m[38;5;27m<[0m [38;5;34m0x00100510[0m      [38;5;178m42[38;5;34m00[38;5;160mff[38;5;75md4[0m       [38;5;34mbdnz[38;5;178m [38;5;34m0x1004e4[0m[0m
            [38;5;27m╎[0m   [38;5;34m0x00100514[0m      [38;5;178m38[38;5;178m61[38;5;75m02[38;5;178m30[0m       [38;5;178maddi[38;5;251m r3[0m,[38;5;251m r1[0m,[38;5;178m[38;5;178m [38;5;34m0x230[0m[0m
            [38;5;27m╎[0m   [38;5;34m0x00100518[0m      [38;5;178m3c[38;5;75m80[38;5;34m00[38;5;75m15[0m       [38;5;75mlis[38;5;251m r4[0m,[38;5;178m[38;5;178m [38;5;34m0x15[0m[0m
            [38;5;27m╎[0m   [38;5;34m0x0010051c[0m      [38;5;178m38[38;5;75ma0[38;5;34m00[38;5;75m10[0m       [38;5;75mli[38;5;251m r5[0m,[38;5;178m[38;5;178m [38;5;34m0x10[0m[0m
            [38;5;27m╎[0m   [38;5;34m0x00100520[0m      [38;5;178m38[38;5;75m84[38;5;75m0e[38;5;75mb0[0m       [38;5;178maddi[38;5;251m r4[0m,[38;5;251m r4[0m,[38;5;178m[38;5;178m [38;5;34m0xeb0[0m[0m
            [38;5;27m╎[0m   [38;5;34m0x00100524[0m      [38;5;178m78[38;5;178m63[38;5;34m00[38;5;178m20[0m       [38;5;178mclrldi[38;5;251m r3[0m,[38;5;251m r3[0m,[38;5;178m[38;5;178m [38;5;34m0x20[0m[0m
            [38;5;27m╎[0m   [38;5;34m0x00100528[0m      [38;5;178m3b[38;5;75me0[38;5;34m00[38;5;34m00[0m       [38;5;75mli[38;5;251m r31[0m,[38;5;251m [38;5;34m0[0m[0m
            [38;5;27m╎[0m   [38;5;34m0x0010052c[0m      [38;5;178m48[38;5;75m02[38;5;75mf1[38;5;178m45[0m       [1;38;5;34mbl[38;5;178m [38;5;34m0x12f670[0m[0m
            [38;5;27m╎[0m   [38;5;34m0x00100530[0m      [38;5;178m7a[38;5;75mc9[38;5;34m00[38;5;178m20[0m       [38;5;178mclrldi[38;5;251m r9[0m,[38;5;251m r22[0m,[38;5;178m[38;5;178m [38;5;34m0x20[0m[0m
           [38;5;75m┌[0m[38;5;75m─[0m[38;5;75m─[0m[38;5;75m<[0m [38;5;34m0x00100534[0m      [38;5;178m48[38;5;34m00[38;5;34m00[38;5;75me0[0m       [38;5;34mb[38;5;178m [38;5;34m0x100614[0m[0m
           [38;5;75m│[0m[38;5;27m╎[0m   [38;5;34m0x00100538[0m      [38;5;178m2f[38;5;75m99[38;5;34m00[38;5;75m02[0m       [38;5;75mcmpwi[38;5;251m cr7[0m,[38;5;251m r25[0m,[38;5;251m [38;5;34m2[0m[0m
           [38;5;75m│[0m[38;5;27m╎[0m   [38;5;34m0x0010053c[0m      [38;5;178m3b[38;5;75me0[38;5;34m00[38;5;34m00[0m       [38;5;75mli[38;5;251m r31[0m,[38;5;251m [38;5;34m0[0m[0m
           [38;5;75m│[0m[38;5;27m└[0m[38;5;27m─[0m[38;5;27m<[0m [38;5;34m0x00100540[0m      [38;5;178m40[38;5;75m9e[38;5;160mff[38;5;178m68[0m       [38;5;34mbne[38;5;251m cr7[0m,[38;5;178m[38;5;178m [38;5;34m0x1004a8[0m[0m
           [38;5;75m│[0m    [38;5;34m0x00100544[0m      [38;5;178m3d[38;5;178m20[38;5;34m00[38;5;75m15[0m       [38;5;75mlis[38;5;251m r9[0m,[38;5;178m[38;5;178m [38;5;34m0x15[0m[0m
           [38;5;75m│[0m    [38;5;34m0x00100548[0m      [38;5;178m38[38;5;34m00[38;5;34m00[38;5;75m10[0m       [38;5;75mli[38;5;251m r0[0m,[38;5;178m[38;5;178m [38;5;34m0x10[0m[0m
           [38;5;75m│[0m    [38;5;34m0x0010054c[0m      [38;5;178m39[38;5;178m29[38;5;75m0e[38;5;75mc0[0m       [38;5;178maddi[38;5;251m r9[0m,[38;5;251m r9[0m,[38;5;178m[38;5;178m [38;5;34m0xec0[0m[0m
           [38;5;75m│[0m    [38;5;34m0x00100550[0m      [38;5;75m7f[38;5;75ma3[38;5;75meb[38;5;178m78[0m       [38;5;75mmr[38;5;251m r3[0m,[38;5;251m r29[0m[0m
           [38;5;75m│[0m    [38;5;34m0x00100554[0m      [38;5;178m7c[38;5;75m09[38;5;75m03[38;5;75ma6[0m       [38;5;75mmtctr[38;5;251m r0[0m[0m
           [38;5;75m│[0m    [38;5;34m0x00100558[0m      [38;5;178m38[38;5;75me0[38;5;34m00[38;5;34m00[0m       [38;5;75mli[38;5;251m r7[0m,[38;5;251m [38;5;34m0[0m[0m
           [38;5;75m│[0m    [38;5;34m0x0010055c[0m      [38;5;178m7d[38;5;178m28[38;5;178m4b[38;5;178m78[0m       [38;5;75mmr[38;5;251m r8[0m,[38;5;251m r9[0m[0m
           [38;5;75m│[0m[38;5;27m┌[0m[38;5;27m─[0m[38;5;27m>[0m [38;5;34m0x00100560[0m      [38;5;178m78[38;5;178m6a[38;5;34m00[38;5;178m20[0m       [38;5;178mclrldi[38;5;251m r10[0m,[38;5;251m r3[0m,[38;5;178m[38;5;178m [38;5;34m0x20[0m[0m
           [38;5;75m│[0m[38;5;27m╎[0m   [38;5;34m0x00100564[0m      [38;5;178m79[38;5;75m0b[38;5;34m00[38;5;178m20[0m       [38;5;178mclrldi[38;5;251m r11[0m,[38;5;251m r8[0m,[38;5;178m[38;5;178m [38;5;34m0x20[0m[0m
           [38;5;75m│[0m[38;5;27m╎[0m   [38;5;34m0x00100568[0m      [38;5;178m38[38;5;178m63[38;5;34m00[38;5;75m01[0m       [38;5;178maddi[38;5;251m r3[0m,[38;5;251m r3[0m,[38;5;251m [38;5;34m1[0m[0m
           [38;5;75m│[0m[38;5;27m╎[0m   [38;5;34m0x0010056c[0m      [38;5;178m39[38;5;75m08[38;5;34m00[38;5;75m01[0m       [38;5;178maddi[38;5;251m r8[0m,[38;5;251m r8[0m,[38;5;251m [38;5;34m1[0m[0m
           [38;5;75m│[0m[38;5;27m╎[0m   [38;5;34m0x00100570[0m      [38;5;75m89[38;5;178m2a[38;5;34m00[38;5;34m00[0m       [38;5;127mlbz[38;5;251m r9[0m,[38;5;251m [38;5;178m0[0m([38;5;251mr10[0m)[38;5;251m[0m[0m
           [38;5;75m│[0m[38;5;27m╎[0m   [38;5;34m0x00100574[0m      [38;5;75m88[38;5;75m0b[38;5;34m00[38;5;34m00[0m       [38;5;127mlbz[38;5;251m r0[0m,[38;5;251m [38;5;178m0[0m([38;5;251mr11[0m)[38;5;251m[0m[0m
           [38;5;75m│[0m[38;5;27m╎[0m   [38;5;34m0x00100578[0m      [38;5;178m7d[38;5;178m27[38;5;178m48[38;5;178m50[0m       [38;5;178msubf[38;5;251m r9[0m,[38;5;251m r7[0m,[38;5;251m r9[0m[0m
           [38;5;75m│[0m[38;5;27m╎[0m   [38;5;34m0x0010057c[0m      [38;5;178m38[38;5;75me7[38;5;34m00[38;5;75m01[0m       [38;5;178maddi[38;5;251m r7[0m,[38;5;251m r7[0m,[38;5;251m [38;5;34m1[0m[0m
           [38;5;75m│[0m[38;5;27m╎[0m   [38;5;34m0x00100580[0m      [38;5;178m39[38;5;178m29[38;5;160mff[38;5;75md8[0m       [38;5;178maddi[38;5;251m r9[0m,[38;5;251m r9[0m,[38;5;178m[38;5;178m [38;5;34m-[38;5;34m0x28[0m[0m
           [38;5;75m│[0m[38;5;27m╎[0m   [38;5;34m0x00100584[0m      [38;5;178m7d[38;5;178m29[38;5;75m02[38;5;178m78[0m       [38;5;178mxor[38;5;251m r9[0m,[38;5;251m r9[0m,[38;5;251m r0[0m[0m
           [38;5;75m│[0m[38;5;27m╎[0m   [38;5;34m0x00100588[0m      [38;5;75m99[38;5;178m2a[38;5;34m00[38;5;34m00[0m       [38;5;127mstb[38;5;251m r9[0m,[38;5;251m [38;5;178m0[0m([38;5;251mr10[0m)[38;5;251m[0m[0m
           [38;5;75m│[0m[38;5;27m└[0m[38;5;27m─[0m[38;5;27m<[0m [38;5;34m0x0010058c[0m      [38;5;178m42[38;5;34m00[38;5;160mff[38;5;75md4[0m       [38;5;34mbdnz[38;5;178m [38;5;34m0x100560[0m[0m
           [38;5;75m│[0m    [38;5;34m0x00100590[0m      [38;5;178m38[38;5;178m61[38;5;75m02[38;5;178m30[0m       [38;5;178maddi[38;5;251m r3[0m,[38;5;251m r1[0m,[38;5;178m[38;5;178m [38;5;34m0x230[0m[0m
           [38;5;75m│[0m    [38;5;34m0x00100594[0m      [38;5;178m3c[38;5;75m80[38;5;34m00[38;5;75m15[0m       [38;5;75mlis[38;5;251m r4[0m,[38;5;178m[38;5;178m [38;5;34m0x15[0m[0m
           [38;5;75m│[0m    [38;5;34m0x00100598[0m      [38;5;178m78[38;5;178m63[38;5;34m00[38;5;178m20[0m       [38;5;178mclrldi[38;5;251m r3[0m,[38;5;251m r3[0m,[38;5;178m[38;5;178m [38;5;34m0x20[0m[0m
           [38;5;75m│[0m    [38;5;34m0x0010059c[0m      [38;5;178m38[38;5;75m84[38;5;75m0e[38;5;75md0[0m       [38;5;178maddi[38;5;251m r4[0m,[38;5;251m r4[0m,[38;5;178m[38;5;178m [38;5;34m0xed0[0m[0m
           [38;5;75m│[0m    [38;5;34m0x001005a0[0m      [38;5;178m38[38;5;75ma0[38;5;34m00[38;5;75m10[0m       [38;5;75mli[38;5;251m r5[0m,[38;5;178m[38;5;178m [38;5;34m0x10[0m[0m
           [38;5;75m│[0m    [38;5;34m0x001005a4[0m      [38;5;178m3b[38;5;75me0[38;5;34m00[38;5;34m00[0m       [38;5;75mli[38;5;251m r31[0m,[38;5;251m [38;5;34m0[0m[0m
           [38;5;75m│[0m    [38;5;34m0x001005a8[0m      [38;5;178m48[38;5;75m02[38;5;75mf0[38;5;75mc9[0m       [1;38;5;34mbl[38;5;178m [38;5;34m0x12f670[0m[0m
           [38;5;75m│[0m    [38;5;34m0x001005ac[0m      [38;5;178m7a[38;5;75mc9[38;5;34m00[38;5;178m20[0m       [38;5;178mclrldi[38;5;251m r9[0m,[38;5;251m r22[0m,[38;5;178m[38;5;178m [38;5;34m0x20[0m[0m
           [38;5;75m│[0m    [38;5;34m0x001005b0[0m      [38;5;75me8[38;5;75m01[38;5;75m02[38;5;178m38[0m       [38;5;127mld[38;5;251m r0[0m,[38;5;178m[38;5;178m [38;5;34m0x238[0m([38;5;251mr1[0m)[38;5;251m[0m[0m
           [38;5;75m│[0m    [38;5;34m0x001005b4[0m      [38;5;75m81[38;5;178m29[38;5;34m00[38;5;178m38[0m       [38;5;127mlwz[38;5;251m r9[0m,[38;5;178m[38;5;178m [38;5;34m0x38[0m([38;5;251mr9[0m)[38;5;251m[0m[0m
           [38;5;75m│[0m    [38;5;34m0x001005b8[0m      [38;5;75me9[38;5;178m29[38;5;34m00[38;5;34m00[0m       [38;5;127mld[38;5;251m r9[0m,[38;5;251m [38;5;178m0[0m([38;5;251mr9[0m)[38;5;251m[0m[0m
           [38;5;75m│[0m    [38;5;34m0x001005bc[0m      [38;5;178m7c[38;5;34m00[38;5;178m4a[38;5;178m78[0m       [38;5;178mxor[38;5;251m r0[0m,[38;5;251m r0[0m,[38;5;251m r9[0m[0m
           [38;5;75m│[0m    [38;5;34m0x001005c0[0m      [38;5;75mf8[38;5;75m01[38;5;75m02[38;5;178m38[0m       [38;5;127mstd[38;5;251m r0[0m,[38;5;178m[38;5;178m [38;5;34m0x238[0m([38;5;251mr1[0m)[38;5;251m[0m[0m
           [38;5;75m│[0m[38;5;75m┌[0m[38;5;75m─[0m[38;5;75m<[0m [38;5;34m0x001005c4[0m      [38;5;178m48[38;5;34m00[38;5;34m00[38;5;178m64[0m       [38;5;34mb[38;5;178m [38;5;34m0x100628[0m[0m
           [38;5;75m│[0m[38;5;75m│[0m   [38;5;34m0x001005c8[0m      [38;5;178m78[38;5;75mea[38;5;34m00[38;5;178m20[0m       [38;5;178mclrldi[38;5;251m r10[0m,[38;5;251m r7[0m,[38;5;178m[38;5;178m [38;5;34m0x20[0m[0m
           [38;5;75m│[0m[38;5;75m│[0m   [38;5;34m0x001005cc[0m      [38;5;178m79[38;5;75m0b[38;5;34m00[38;5;178m20[0m       [38;5;178mclrldi[38;5;251m r11[0m,[38;5;251m r8[0m,[38;5;178m[38;5;178m [38;5;34m0x20[0m[0m
           [38;5;75m│[0m[38;5;75m│[0m   [38;5;34m0x001005d0[0m      [38;5;178m38[38;5;75me7[38;5;34m00[38;5;75m01[0m       [38;5;178maddi[38;5;251m r7[0m,[38;5;251m r7[0m,[38;5;251m [38;5;34m1[0m[0m
           [38;5;75m│[0m[38;5;75m│[0m   [38;5;34m0x001005d4[0m      [38;5;178m39[38;5;75m08[38;5;34m00[38;5;75m01[0m       [38;5;178maddi[38;5;251m r8[0m,[38;5;251m r8[0m,[38;5;251m [38;5;34m1[0m[0m
           [38;5;75m│[0m[38;5;75m│[0m   [38;5;34m0x001005d8[0m      [38;5;75m89[38;5;178m2a[38;5;34m00[38;5;34m00[0m       [38;5;127mlbz[38;5;251m r9[0m,[38;5;251m [38;5;178m0[0m([38;5;251mr10[0m)[38;5;251m[0m[0m
           [38;5;75m│[0m[38;5;75m│[0m   [38;5;34m0x001005dc[0m      [38;5;75m88[38;5;75m0b[38;5;34m00[38;5;34m00[0m       [38;5;127mlbz[38;5;251m r0[0m,[38;5;251m [38;5;178m0[0m([38;5;251mr11[0m)[38;5;251m[0m[0m
           [38;5;75m│[0m[38;5;75m│[0m   [38;5;34m0x001005e0[0m      [38;5;178m7d[38;5;178m29[38;5;75m02[38;5;178m78[0m       [38;5;178mxor[38;5;251m r9[0m,[38;5;251m r9[0m,[38;5;251m r0[0m[0m
           [38;5;75m│[0m[38;5;75m│[0m   [38;5;34m0x001005e4[0m      [38;5;178m7d[38;5;178m26[38;5;178m48[38;5;178m50[0m       [38;5;178msubf[38;5;251m r9[0m,[38;5;251m r6[0m,[38;5;251m r9[0m[0m
           [38;5;75m│[0m[38;5;75m│[0m   [38;5;34m0x001005e8[0m      [38;5;178m38[38;5;75mc6[38;5;34m00[38;5;75m01[0m       [38;5;178maddi[38;5;251m r6[0m,[38;5;251m r6[0m,[38;5;251m [38;5;34m1[0m[0m
           [38;5;75m│[0m[38;5;75m│[0m   [38;5;34m0x001005ec[0m      [38;5;178m39[38;5;178m29[38;5;160mff[38;5;75md5[0m       [38;5;178maddi[38;5;251m r9[0m,[38;5;251m r9[0m,[38;5;178m[38;5;178m [38;5;34m-[38;5;34m0x2b[0m[0m
           [38;5;75m│[0m[38;5;75m│[0m   [38;5;34m0x001005f0[0m      [38;5;75m99[38;5;178m2a[38;5;34m00[38;5;34m00[0m       [38;5;127mstb[38;5;251m r9[0m,[38;5;251m [38;5;178m0[0m([38;5;251mr10[0m)[38;5;251m[0m[0m

  === Address 0x100570 (64 instructions) ===
            [38;5;27m╎[0m   [38;5;34m0x00100570[0m      [38;5;75m89[38;5;178m2a[38;5;34m00[38;5;34m00[0m       [38;5;127mlbz[38;5;251m r9[0m,[38;5;251m [38;5;178m0[0m([38;5;251mr10[0m)[38;5;251m[0m[0m
            [38;5;27m╎[0m   [38;5;34m0x00100574[0m      [38;5;75m88[38;5;75m0b[38;5;34m00[38;5;34m00[0m       [38;5;127mlbz[38;5;251m r0[0m,[38;5;251m [38;5;178m0[0m([38;5;251mr11[0m)[38;5;251m[0m[0m
            [38;5;27m╎[0m   [38;5;34m0x00100578[0m      [38;5;178m7d[38;5;178m27[38;5;178m48[38;5;178m50[0m       [38;5;178msubf[38;5;251m r9[0m,[38;5;251m r7[0m,[38;5;251m r9[0m[0m
            [38;5;27m╎[0m   [38;5;34m0x0010057c[0m      [38;5;178m38[38;5;75me7[38;5;34m00[38;5;75m01[0m       [38;5;178maddi[38;5;251m r7[0m,[38;5;251m r7[0m,[38;5;251m [38;5;34m1[0m[0m
            [38;5;27m╎[0m   [38;5;34m0x00100580[0m      [38;5;178m39[38;5;178m29[38;5;160mff[38;5;75md8[0m       [38;5;178maddi[38;5;251m r9[0m,[38;5;251m r9[0m,[38;5;178m[38;5;178m [38;5;34m-[38;5;34m0x28[0m[0m
            [38;5;27m╎[0m   [38;5;34m0x00100584[0m      [38;5;178m7d[38;5;178m29[38;5;75m02[38;5;178m78[0m       [38;5;178mxor[38;5;251m r9[0m,[38;5;251m r9[0m,[38;5;251m r0[0m[0m
            [38;5;27m╎[0m   [38;5;34m0x00100588[0m      [38;5;75m99[38;5;178m2a[38;5;34m00[38;5;34m00[0m       [38;5;127mstb[38;5;251m r9[0m,[38;5;251m [38;5;178m0[0m([38;5;251mr10[0m)[38;5;251m[0m[0m
            [38;5;27m└[0m[38;5;27m─[0m[38;5;27m<[0m [38;5;34m0x0010058c[0m      [38;5;178m42[38;5;34m00[38;5;160mff[38;5;75md4[0m       [38;5;34mbdnz[38;5;178m [38;5;34m0x100560[0m[0m
                [38;5;34m0x00100590[0m      [38;5;178m38[38;5;178m61[38;5;75m02[38;5;178m30[0m       [38;5;178maddi[38;5;251m r3[0m,[38;5;251m r1[0m,[38;5;178m[38;5;178m [38;5;34m0x230[0m[0m
                [38;5;34m0x00100594[0m      [38;5;178m3c[38;5;75m80[38;5;34m00[38;5;75m15[0m       [38;5;75mlis[38;5;251m r4[0m,[38;5;178m[38;5;178m [38;5;34m0x15[0m[0m
                [38;5;34m0x00100598[0m      [38;5;178m78[38;5;178m63[38;5;34m00[38;5;178m20[0m       [38;5;178mclrldi[38;5;251m r3[0m,[38;5;251m r3[0m,[38;5;178m[38;5;178m [38;5;34m0x20[0m[0m
                [38;5;34m0x0010059c[0m      [38;5;178m38[38;5;75m84[38;5;75m0e[38;5;75md0[0m       [38;5;178maddi[38;5;251m r4[0m,[38;5;251m r4[0m,[38;5;178m[38;5;178m [38;5;34m0xed0[0m[0m
                [38;5;34m0x001005a0[0m      [38;5;178m38[38;5;75ma0[38;5;34m00[38;5;75m10[0m       [38;5;75mli[38;5;251m r5[0m,[38;5;178m[38;5;178m [38;5;34m0x10[0m[0m
                [38;5;34m0x001005a4[0m      [38;5;178m3b[38;5;75me0[38;5;34m00[38;5;34m00[0m       [38;5;75mli[38;5;251m r31[0m,[38;5;251m [38;5;34m0[0m[0m
                [38;5;34m0x001005a8[0m      [38;5;178m48[38;5;75m02[38;5;75mf0[38;5;75mc9[0m       [1;38;5;34mbl[38;5;178m [38;5;34m0x12f670[0m[0m
                [38;5;34m0x001005ac[0m      [38;5;178m7a[38;5;75mc9[38;5;34m00[38;5;178m20[0m       [38;5;178mclrldi[38;5;251m r9[0m,[38;5;251m r22[0m,[38;5;178m[38;5;178m [38;5;34m0x20[0m[0m
                [38;5;34m0x001005b0[0m      [38;5;75me8[38;5;75m01[38;5;75m02[38;5;178m38[0m       [38;5;127mld[38;5;251m r0[0m,[38;5;178m[38;5;178m [38;5;34m0x238[0m([38;5;251mr1[0m)[38;5;251m[0m[0m
                [38;5;34m0x001005b4[0m      [38;5;75m81[38;5;178m29[38;5;34m00[38;5;178m38[0m       [38;5;127mlwz[38;5;251m r9[0m,[38;5;178m[38;5;178m [38;5;34m0x38[0m([38;5;251mr9[0m)[38;5;251m[0m[0m
                [38;5;34m0x001005b8[0m      [38;5;75me9[38;5;178m29[38;5;34m00[38;5;34m00[0m       [38;5;127mld[38;5;251m r9[0m,[38;5;251m [38;5;178m0[0m([38;5;251mr9[0m)[38;5;251m[0m[0m
                [38;5;34m0x001005bc[0m      [38;5;178m7c[38;5;34m00[38;5;178m4a[38;5;178m78[0m       [38;5;178mxor[38;5;251m r0[0m,[38;5;251m r0[0m,[38;5;251m r9[0m[0m
                [38;5;34m0x001005c0[0m      [38;5;75mf8[38;5;75m01[38;5;75m02[38;5;178m38[0m       [38;5;127mstd[38;5;251m r0[0m,[38;5;178m[38;5;178m [38;5;34m0x238[0m([38;5;251mr1[0m)[38;5;251m[0m[0m
            [38;5;75m┌[0m[38;5;75m─[0m[38;5;75m<[0m [38;5;34m0x001005c4[0m      [38;5;178m48[38;5;34m00[38;5;34m00[38;5;178m64[0m       [38;5;34mb[38;5;178m [38;5;34m0x100628[0m[0m
           [38;5;27m┌[0m[38;5;27m─[0m[38;5;27m─[0m[38;5;27m>[0m [38;5;34m0x001005c8[0m      [38;5;178m78[38;5;75mea[38;5;34m00[38;5;178m20[0m       [38;5;178mclrldi[38;5;251m r10[0m,[38;5;251m r7[0m,[38;5;178m[38;5;178m [38;5;34m0x20[0m[0m
           [38;5;27m╎[0m[38;5;75m│[0m   [38;5;34m0x001005cc[0m      [38;5;178m79[38;5;75m0b[38;5;34m00[38;5;178m20[0m       [38;5;178mclrldi[38;5;251m r11[0m,[38;5;251m r8[0m,[38;5;178m[38;5;178m [38;5;34m0x20[0m[0m
           [38;5;27m╎[0m[38;5;75m│[0m   [38;5;34m0x001005d0[0m      [38;5;178m38[38;5;75me7[38;5;34m00[38;5;75m01[0m       [38;5;178maddi[38;5;251m r7[0m,[38;5;251m r7[0m,[38;5;251m [38;5;34m1[0m[0m
           [38;5;27m╎[0m[38;5;75m│[0m   [38;5;34m0x001005d4[0m      [38;5;178m39[38;5;75m08[38;5;34m00[38;5;75m01[0m       [38;5;178maddi[38;5;251m r8[0m,[38;5;251m r8[0m,[38;5;251m [38;5;34m1[0m[0m
           [38;5;27m╎[0m[38;5;75m│[0m   [38;5;34m0x001005d8[0m      [38;5;75m89[38;5;178m2a[38;5;34m00[38;5;34m00[0m       [38;5;127mlbz[38;5;251m r9[0m,[38;5;251m [38;5;178m0[0m([38;5;251mr10[0m)[38;5;251m[0m[0m
           [38;5;27m╎[0m[38;5;75m│[0m   [38;5;34m0x001005dc[0m      [38;5;75m88[38;5;75m0b[38;5;34m00[38;5;34m00[0m       [38;5;127mlbz[38;5;251m r0[0m,[38;5;251m [38;5;178m0[0m([38;5;251mr11[0m)[38;5;251m[0m[0m
           [38;5;27m╎[0m[38;5;75m│[0m   [38;5;34m0x001005e0[0m      [38;5;178m7d[38;5;178m29[38;5;75m02[38;5;178m78[0m       [38;5;178mxor[38;5;251m r9[0m,[38;5;251m r9[0m,[38;5;251m r0[0m[0m
           [38;5;27m╎[0m[38;5;75m│[0m   [38;5;34m0x001005e4[0m      [38;5;178m7d[38;5;178m26[38;5;178m48[38;5;178m50[0m       [38;5;178msubf[38;5;251m r9[0m,[38;5;251m r6[0m,[38;5;251m r9[0m[0m
           [38;5;27m╎[0m[38;5;75m│[0m   [38;5;34m0x001005e8[0m      [38;5;178m38[38;5;75mc6[38;5;34m00[38;5;75m01[0m       [38;5;178maddi[38;5;251m r6[0m,[38;5;251m r6[0m,[38;5;251m [38;5;34m1[0m[0m
           [38;5;27m╎[0m[38;5;75m│[0m   [38;5;34m0x001005ec[0m      [38;5;178m39[38;5;178m29[38;5;160mff[38;5;75md5[0m       [38;5;178maddi[38;5;251m r9[0m,[38;5;251m r9[0m,[38;5;178m[38;5;178m [38;5;34m-[38;5;34m0x2b[0m[0m
           [38;5;27m╎[0m[38;5;75m│[0m   [38;5;34m0x001005f0[0m      [38;5;75m99[38;5;178m2a[38;5;34m00[38;5;34m00[0m       [38;5;127mstb[38;5;251m r9[0m,[38;5;251m [38;5;178m0[0m([38;5;251mr10[0m)[38;5;251m[0m[0m
           [38;5;27m└[0m[38;5;27m─[0m[38;5;27m─[0m[38;5;27m<[0m [38;5;34m0x001005f4[0m      [38;5;178m42[38;5;34m00[38;5;160mff[38;5;75md4[0m       [38;5;34mbdnz[38;5;178m [38;5;34m0x1005c8[0m[0m
            [38;5;75m│[0m   [38;5;34m0x001005f8[0m      [38;5;178m38[38;5;178m61[38;5;75m02[38;5;178m30[0m       [38;5;178maddi[38;5;251m r3[0m,[38;5;251m r1[0m,[38;5;178m[38;5;178m [38;5;34m0x230[0m[0m
            [38;5;75m│[0m   [38;5;34m0x001005fc[0m      [38;5;178m3c[38;5;75m80[38;5;34m00[38;5;75m15[0m       [38;5;75mlis[38;5;251m r4[0m,[38;5;178m[38;5;178m [38;5;34m0x15[0m[0m
            [38;5;75m│[0m   [38;5;34m0x00100600[0m      [38;5;178m78[38;5;178m63[38;5;34m00[38;5;178m20[0m       [38;5;178mclrldi[38;5;251m r3[0m,[38;5;251m r3[0m,[38;5;178m[38;5;178m [38;5;34m0x20[0m[0m
            [38;5;75m│[0m   [38;5;34m0x00100604[0m      [38;5;178m38[38;5;75m84[38;5;75m0e[38;5;75mf0[0m       [38;5;178maddi[38;5;251m r4[0m,[38;5;251m r4[0m,[38;5;178m[38;5;178m [38;5;34m0xef0[0m[0m
            [38;5;75m│[0m   [38;5;34m0x00100608[0m      [38;5;178m38[38;5;75ma0[38;5;34m00[38;5;75m10[0m       [38;5;75mli[38;5;251m r5[0m,[38;5;178m[38;5;178m [38;5;34m0x10[0m[0m
            [38;5;75m│[0m   [38;5;34m0x0010060c[0m      [38;5;178m48[38;5;75m02[38;5;75mf0[38;5;178m65[0m       [1;38;5;34mbl[38;5;178m [38;5;34m0x12f670[0m[0m
            [38;5;75m│[0m   [38;5;34m0x00100610[0m      [38;5;178m7a[38;5;75mc9[38;5;34m00[38;5;178m20[0m       [38;5;178mclrldi[38;5;251m r9[0m,[38;5;251m r22[0m,[38;5;178m[38;5;178m [38;5;34m0x20[0m[0m
            [38;5;75m│[0m   [38;5;34m0x00100614[0m      [38;5;75m81[38;5;178m29[38;5;34m00[38;5;178m38[0m       [38;5;127mlwz[38;5;251m r9[0m,[38;5;178m[38;5;178m [38;5;34m0x38[0m([38;5;251mr9[0m)[38;5;251m[0m[0m
            [38;5;75m│[0m   [38;5;34m0x00100618[0m      [38;5;75me8[38;5;75m01[38;5;75m02[38;5;178m30[0m       [38;5;127mld[38;5;251m r0[0m,[38;5;178m[38;5;178m [38;5;34m0x230[0m([38;5;251mr1[0m)[38;5;251m[0m[0m
            [38;5;75m│[0m   [38;5;34m0x0010061c[0m      [38;5;75me9[38;5;178m29[38;5;34m00[38;5;34m00[0m       [38;5;127mld[38;5;251m r9[0m,[38;5;251m [38;5;178m0[0m([38;5;251mr9[0m)[38;5;251m[0m[0m
            [38;5;75m│[0m   [38;5;34m0x00100620[0m      [38;5;178m7c[38;5;34m00[38;5;178m4a[38;5;178m78[0m       [38;5;178mxor[38;5;251m r0[0m,[38;5;251m r0[0m,[38;5;251m r9[0m[0m
            [38;5;75m│[0m   [38;5;34m0x00100624[0m      [38;5;75mf8[38;5;75m01[38;5;75m02[38;5;178m30[0m       [38;5;127mstd[38;5;251m r0[0m,[38;5;178m[38;5;178m [38;5;34m0x230[0m([38;5;251mr1[0m)[38;5;251m[0m[0m
            [38;5;75m└[0m[38;5;75m─[0m[38;5;75m>[0m [38;5;34m0x00100628[0m      [38;5;75m7f[38;5;75mb5[38;5;75mfa[38;5;75m14[0m       [38;5;178madd[38;5;251m r29[0m,[38;5;251m r21[0m,[38;5;251m r31[0m[0m
                [38;5;34m0x0010062c[0m      [38;5;178m38[38;5;75mc1[38;5;75m02[38;5;178m30[0m       [38;5;178maddi[38;5;251m r6[0m,[38;5;251m r1[0m,[38;5;178m[38;5;178m [38;5;34m0x230[0m[0m
                [38;5;34m0x00100630[0m      [38;5;178m7b[38;5;75ma3[38;5;34m00[38;5;178m20[0m       [38;5;178mclrldi[38;5;251m r3[0m,[38;5;251m r29[0m,[38;5;178m[38;5;178m [38;5;34m0x20[0m[0m
                [38;5;34m0x00100634[0m      [38;5;178m38[38;5;75me1[38;5;75m02[38;5;75m1c[0m       [38;5;178maddi[38;5;251m r7[0m,[38;5;251m r1[0m,[38;5;178m[38;5;178m [38;5;34m0x21c[0m[0m
                [38;5;34m0x00100638[0m      [38;5;178m78[38;5;75mc6[38;5;34m00[38;5;178m20[0m       [38;5;178mclrldi[38;5;251m r6[0m,[38;5;251m r6[0m,[38;5;178m[38;5;178m [38;5;34m0x20[0m[0m
                [38;5;34m0x0010063c[0m      [38;5;178m78[38;5;75me7[38;5;34m00[38;5;178m20[0m       [38;5;178mclrldi[38;5;251m r7[0m,[38;5;251m r7[0m,[38;5;178m[38;5;178m [38;5;34m0x20[0m[0m
                [38;5;34m0x00100640[0m      [38;5;178m7c[38;5;178m64[38;5;75m1b[38;5;178m78[0m       [38;5;75mmr[38;5;251m r4[0m,[38;5;251m r3[0m[0m
                [38;5;34m0x00100644[0m      [38;5;75m7f[38;5;75mc5[38;5;75m07[38;5;75mb4[0m       [38;5;75mextsw[38;5;251m r5[0m,[38;5;251m r30[0m[0m
                [38;5;34m0x00100648[0m      [38;5;178m3b[38;5;178m40[38;5;34m00[38;5;34m00[0m       [38;5;75mli[38;5;251m r26[0m,[38;5;251m [38;5;34m0[0m[0m
                [38;5;34m0x0010064c[0m      [38;5;178m4b[38;5;160mff[38;5;75me1[38;5;75mb5[0m       [1;38;5;34mbl[38;5;178m [38;5;34m0xfe800[0m[0m
                [38;5;34m0x00100650[0m      [38;5;178m7d[38;5;178m3d[38;5;75mf2[38;5;75m14[0m       [38;5;178madd[38;5;251m r9[0m,[38;5;251m r29[0m,[38;5;251m r30[0m[0m
                [38;5;34m0x00100654[0m      [38;5;178m79[38;5;178m29[38;5;34m00[38;5;178m20[0m       [38;5;178mclrldi[38;5;251m r9[0m,[38;5;251m r9[0m,[38;5;178m[38;5;178m [38;5;34m0x20[0m[0m
                [38;5;34m0x00100658[0m      [38;5;178m38[38;5;34m00[38;5;34m00[38;5;34m00[0m       [38;5;75mli[38;5;251m r0[0m,[38;5;251m [38;5;34m0[0m[0m
                [38;5;34m0x0010065c[0m      [38;5;75m98[38;5;75m09[38;5;34m00[38;5;34m00[0m       [38;5;127mstb[38;5;251m r0[0m,[38;5;251m [38;5;178m0[0m([38;5;251mr9[0m)[38;5;251m[0m[0m
            [38;5;75m┌[0m[38;5;75m─[0m[38;5;75m<[0m [38;5;34m0x00100660[0m      [38;5;178m48[38;5;34m00[38;5;34m00[38;5;75m08[0m       [38;5;34mb[38;5;178m [38;5;34m0x100668[0m[0m
            [38;5;75m│[0m   [38;5;34m0x00100664[0m      [38;5;75m7f[38;5;75mdd[38;5;75mf3[38;5;178m78[0m       [38;5;75mmr[38;5;251m r29[0m,[38;5;251m r30[0m[0m
            [38;5;75m└[0m[38;5;75m─[0m[38;5;75m>[0m [38;5;34m0x00100668[0m      [38;5;75m7f[38;5;75ma9[38;5;75meb[38;5;178m78[0m       [38;5;75mmr[38;5;251m r9[0m,[38;5;251m r29[0m[0m
            [38;5;75m┌[0m[38;5;75m─[0m[38;5;75m<[0m [38;5;34m0x0010066c[0m      [38;5;178m48[38;5;34m00[38;5;34m00[38;5;75m0c[0m       [38;5;34mb[38;5;178m [38;5;34m0x100678[0m[0m

  === Address 0x1005D8 (64 instructions) ===
            [38;5;27m╎[0m   [38;5;34m0x001005d8[0m      [38;5;75m89[38;5;178m2a[38;5;34m00[38;5;34m00[0m       [38;5;127mlbz[38;5;251m r9[0m,[38;5;251m [38;5;178m0[0m([38;5;251mr10[0m)[38;5;251m[0m[0m
            [38;5;27m╎[0m   [38;5;34m0x001005dc[0m      [38;5;75m88[38;5;75m0b[38;5;34m00[38;5;34m00[0m       [38;5;127mlbz[38;5;251m r0[0m,[38;5;251m [38;5;178m0[0m([38;5;251mr11[0m)[38;5;251m[0m[0m
            [38;5;27m╎[0m   [38;5;34m0x001005e0[0m      [38;5;178m7d[38;5;178m29[38;5;75m02[38;5;178m78[0m       [38;5;178mxor[38;5;251m r9[0m,[38;5;251m r9[0m,[38;5;251m r0[0m[0m
            [38;5;27m╎[0m   [38;5;34m0x001005e4[0m      [38;5;178m7d[38;5;178m26[38;5;178m48[38;5;178m50[0m       [38;5;178msubf[38;5;251m r9[0m,[38;5;251m r6[0m,[38;5;251m r9[0m[0m
            [38;5;27m╎[0m   [38;5;34m0x001005e8[0m      [38;5;178m38[38;5;75mc6[38;5;34m00[38;5;75m01[0m       [38;5;178maddi[38;5;251m r6[0m,[38;5;251m r6[0m,[38;5;251m [38;5;34m1[0m[0m
            [38;5;27m╎[0m   [38;5;34m0x001005ec[0m      [38;5;178m39[38;5;178m29[38;5;160mff[38;5;75md5[0m       [38;5;178maddi[38;5;251m r9[0m,[38;5;251m r9[0m,[38;5;178m[38;5;178m [38;5;34m-[38;5;34m0x2b[0m[0m
            [38;5;27m╎[0m   [38;5;34m0x001005f0[0m      [38;5;75m99[38;5;178m2a[38;5;34m00[38;5;34m00[0m       [38;5;127mstb[38;5;251m r9[0m,[38;5;251m [38;5;178m0[0m([38;5;251mr10[0m)[38;5;251m[0m[0m
            [38;5;27m└[0m[38;5;27m─[0m[38;5;27m<[0m [38;5;34m0x001005f4[0m      [38;5;178m42[38;5;34m00[38;5;160mff[38;5;75md4[0m       [38;5;34mbdnz[38;5;178m [38;5;34m0x1005c8[0m[0m
                [38;5;34m0x001005f8[0m      [38;5;178m38[38;5;178m61[38;5;75m02[38;5;178m30[0m       [38;5;178maddi[38;5;251m r3[0m,[38;5;251m r1[0m,[38;5;178m[38;5;178m [38;5;34m0x230[0m[0m
                [38;5;34m0x001005fc[0m      [38;5;178m3c[38;5;75m80[38;5;34m00[38;5;75m15[0m       [38;5;75mlis[38;5;251m r4[0m,[38;5;178m[38;5;178m [38;5;34m0x15[0m[0m
                [38;5;34m0x00100600[0m      [38;5;178m78[38;5;178m63[38;5;34m00[38;5;178m20[0m       [38;5;178mclrldi[38;5;251m r3[0m,[38;5;251m r3[0m,[38;5;178m[38;5;178m [38;5;34m0x20[0m[0m
                [38;5;34m0x00100604[0m      [38;5;178m38[38;5;75m84[38;5;75m0e[38;5;75mf0[0m       [38;5;178maddi[38;5;251m r4[0m,[38;5;251m r4[0m,[38;5;178m[38;5;178m [38;5;34m0xef0[0m[0m
                [38;5;34m0x00100608[0m      [38;5;178m38[38;5;75ma0[38;5;34m00[38;5;75m10[0m       [38;5;75mli[38;5;251m r5[0m,[38;5;178m[38;5;178m [38;5;34m0x10[0m[0m
                [38;5;34m0x0010060c[0m      [38;5;178m48[38;5;75m02[38;5;75mf0[38;5;178m65[0m       [1;38;5;34mbl[38;5;178m [38;5;34m0x12f670[0m[0m
                [38;5;34m0x00100610[0m      [38;5;178m7a[38;5;75mc9[38;5;34m00[38;5;178m20[0m       [38;5;178mclrldi[38;5;251m r9[0m,[38;5;251m r22[0m,[38;5;178m[38;5;178m [38;5;34m0x20[0m[0m
                [38;5;34m0x00100614[0m      [38;5;75m81[38;5;178m29[38;5;34m00[38;5;178m38[0m       [38;5;127mlwz[38;5;251m r9[0m,[38;5;178m[38;5;178m [38;5;34m0x38[0m([38;5;251mr9[0m)[38;5;251m[0m[0m
                [38;5;34m0x00100618[0m      [38;5;75me8[38;5;75m01[38;5;75m02[38;5;178m30[0m       [38;5;127mld[38;5;251m r0[0m,[38;5;178m[38;5;178m [38;5;34m0x230[0m([38;5;251mr1[0m)[38;5;251m[0m[0m
                [38;5;34m0x0010061c[0m      [38;5;75me9[38;5;178m29[38;5;34m00[38;5;34m00[0m       [38;5;127mld[38;5;251m r9[0m,[38;5;251m [38;5;178m0[0m([38;5;251mr9[0m)[38;5;251m[0m[0m
                [38;5;34m0x00100620[0m      [38;5;178m7c[38;5;34m00[38;5;178m4a[38;5;178m78[0m       [38;5;178mxor[38;5;251m r0[0m,[38;5;251m r0[0m,[38;5;251m r9[0m[0m
                [38;5;34m0x00100624[0m      [38;5;75mf8[38;5;75m01[38;5;75m02[38;5;178m30[0m       [38;5;127mstd[38;5;251m r0[0m,[38;5;178m[38;5;178m [38;5;34m0x230[0m([38;5;251mr1[0m)[38;5;251m[0m[0m
                [38;5;34m0x00100628[0m      [38;5;75m7f[38;5;75mb5[38;5;75mfa[38;5;75m14[0m       [38;5;178madd[38;5;251m r29[0m,[38;5;251m r21[0m,[38;5;251m r31[0m[0m
                [38;5;34m0x0010062c[0m      [38;5;178m38[38;5;75mc1[38;5;75m02[38;5;178m30[0m       [38;5;178maddi[38;5;251m r6[0m,[38;5;251m r1[0m,[38;5;178m[38;5;178m [38;5;34m0x230[0m[0m
                [38;5;34m0x00100630[0m      [38;5;178m7b[38;5;75ma3[38;5;34m00[38;5;178m20[0m       [38;5;178mclrldi[38;5;251m r3[0m,[38;5;251m r29[0m,[38;5;178m[38;5;178m [38;5;34m0x20[0m[0m
                [38;5;34m0x00100634[0m      [38;5;178m38[38;5;75me1[38;5;75m02[38;5;75m1c[0m       [38;5;178maddi[38;5;251m r7[0m,[38;5;251m r1[0m,[38;5;178m[38;5;178m [38;5;34m0x21c[0m[0m
                [38;5;34m0x00100638[0m      [38;5;178m78[38;5;75mc6[38;5;34m00[38;5;178m20[0m       [38;5;178mclrldi[38;5;251m r6[0m,[38;5;251m r6[0m,[38;5;178m[38;5;178m [38;5;34m0x20[0m[0m
                [38;5;34m0x0010063c[0m      [38;5;178m78[38;5;75me7[38;5;34m00[38;5;178m20[0m       [38;5;178mclrldi[38;5;251m r7[0m,[38;5;251m r7[0m,[38;5;178m[38;5;178m [38;5;34m0x20[0m[0m
                [38;5;34m0x00100640[0m      [38;5;178m7c[38;5;178m64[38;5;75m1b[38;5;178m78[0m       [38;5;75mmr[38;5;251m r4[0m,[38;5;251m r3[0m[0m
                [38;5;34m0x00100644[0m      [38;5;75m7f[38;5;75mc5[38;5;75m07[38;5;75mb4[0m       [38;5;75mextsw[38;5;251m r5[0m,[38;5;251m r30[0m[0m
                [38;5;34m0x00100648[0m      [38;5;178m3b[38;5;178m40[38;5;34m00[38;5;34m00[0m       [38;5;75mli[38;5;251m r26[0m,[38;5;251m [38;5;34m0[0m[0m
                [38;5;34m0x0010064c[0m      [38;5;178m4b[38;5;160mff[38;5;75me1[38;5;75mb5[0m       [1;38;5;34mbl[38;5;178m [38;5;34m0xfe800[0m[0m
                [38;5;34m0x00100650[0m      [38;5;178m7d[38;5;178m3d[38;5;75mf2[38;5;75m14[0m       [38;5;178madd[38;5;251m r9[0m,[38;5;251m r29[0m,[38;5;251m r30[0m[0m
                [38;5;34m0x00100654[0m      [38;5;178m79[38;5;178m29[38;5;34m00[38;5;178m20[0m       [38;5;178mclrldi[38;5;251m r9[0m,[38;5;251m r9[0m,[38;5;178m[38;5;178m [38;5;34m0x20[0m[0m
                [38;5;34m0x00100658[0m      [38;5;178m38[38;5;34m00[38;5;34m00[38;5;34m00[0m       [38;5;75mli[38;5;251m r0[0m,[38;5;251m [38;5;34m0[0m[0m
                [38;5;34m0x0010065c[0m      [38;5;75m98[38;5;75m09[38;5;34m00[38;5;34m00[0m       [38;5;127mstb[38;5;251m r0[0m,[38;5;251m [38;5;178m0[0m([38;5;251mr9[0m)[38;5;251m[0m[0m
            [38;5;75m┌[0m[38;5;75m─[0m[38;5;75m<[0m [38;5;34m0x00100660[0m      [38;5;178m48[38;5;34m00[38;5;34m00[38;5;75m08[0m       [38;5;34mb[38;5;178m [38;5;34m0x100668[0m[0m
            [38;5;75m│[0m   [38;5;34m0x00100664[0m      [38;5;75m7f[38;5;75mdd[38;5;75mf3[38;5;178m78[0m       [38;5;75mmr[38;5;251m r29[0m,[38;5;251m r30[0m[0m
            [38;5;75m└[0m[38;5;75m─[0m[38;5;75m>[0m [38;5;34m0x00100668[0m      [38;5;75m7f[38;5;75ma9[38;5;75meb[38;5;178m78[0m       [38;5;75mmr[38;5;251m r9[0m,[38;5;251m r29[0m[0m
            [38;5;75m┌[0m[38;5;75m─[0m[38;5;75m<[0m [38;5;34m0x0010066c[0m      [38;5;178m48[38;5;34m00[38;5;34m00[38;5;75m0c[0m       [38;5;34mb[38;5;178m [38;5;34m0x100678[0m[0m
           [38;5;27m┌[0m[38;5;27m─[0m[38;5;27m─[0m[38;5;27m>[0m [38;5;34m0x00100670[0m      [38;5;178m39[38;5;178m29[38;5;34m00[38;5;75m01[0m       [38;5;178maddi[38;5;251m r9[0m,[38;5;251m r9[0m,[38;5;251m [38;5;34m1[0m[0m
           [38;5;27m╎[0m[38;5;75m│[0m   [38;5;34m0x00100674[0m      [38;5;178m41[38;5;75m9a[38;5;34m00[38;5;75mc8[0m       [38;5;75mbeq[38;5;251m cr6[0m,[38;5;178m[38;5;178m [38;5;34m0x10073c[0m[0m
           [38;5;27m╎[0m[38;5;75m└[0m[38;5;75m─[0m[38;5;75m>[0m [38;5;34m0x00100678[0m      [38;5;178m79[38;5;178m2a[38;5;34m00[38;5;178m20[0m       [38;5;178mclrldi[38;5;251m r10[0m,[38;5;251m r9[0m,[38;5;178m[38;5;178m [38;5;34m0x20[0m[0m
           [38;5;27m╎[0m    [38;5;34m0x0010067c[0m      [38;5;75m88[38;5;75m0a[38;5;34m00[38;5;34m00[0m       [38;5;127mlbz[38;5;251m r0[0m,[38;5;251m [38;5;178m0[0m([38;5;251mr10[0m)[38;5;251m[0m[0m
           [38;5;27m╎[0m    [38;5;34m0x00100680[0m      [38;5;178m7c[38;5;34m00[38;5;75m07[38;5;178m74[0m       [38;5;75mextsb[38;5;251m r0[0m,[38;5;251m r0[0m[0m
           [38;5;27m╎[0m    [38;5;34m0x00100684[0m      [38;5;178m2f[38;5;75m80[38;5;34m00[38;5;178m3a[0m       [38;5;75mcmpwi[38;5;251m cr7[0m,[38;5;251m r0[0m,[38;5;178m[38;5;178m [38;5;34m0x3a[0m[0m
           [38;5;27m╎[0m    [38;5;34m0x00100688[0m      [38;5;178m2f[38;5;34m00[38;5;34m00[38;5;34m00[0m       [38;5;75mcmpwi[38;5;251m cr6[0m,[38;5;251m r0[0m,[38;5;251m [38;5;34m0[0m[0m
           [38;5;27m└[0m[38;5;27m─[0m[38;5;27m─[0m[38;5;27m<[0m [38;5;34m0x0010068c[0m      [38;5;178m40[38;5;75m9e[38;5;160mff[38;5;75me4[0m       [38;5;34mbne[38;5;251m cr7[0m,[38;5;178m[38;5;178m [38;5;34m0x100670[0m[0m
                [38;5;34m0x00100690[0m      [38;5;178m38[38;5;34m00[38;5;34m00[38;5;34m00[0m       [38;5;75mli[38;5;251m r0[0m,[38;5;251m [38;5;34m0[0m[0m
                [38;5;34m0x00100694[0m      [38;5;178m39[38;5;178m69[38;5;34m00[38;5;75m01[0m       [38;5;178maddi[38;5;251m r11[0m,[38;5;251m r9[0m,[38;5;251m [38;5;34m1[0m[0m
                [38;5;34m0x00100698[0m      [38;5;75m98[38;5;75m0a[38;5;34m00[38;5;34m00[0m       [38;5;127mstb[38;5;251m r0[0m,[38;5;251m [38;5;178m0[0m([38;5;251mr10[0m)[38;5;251m[0m[0m
            [38;5;75m┌[0m[38;5;75m─[0m[38;5;75m<[0m [38;5;34m0x0010069c[0m      [38;5;178m48[38;5;34m00[38;5;34m00[38;5;75m08[0m       [38;5;34mb[38;5;178m [38;5;34m0x1006a4[0m[0m
            [38;5;75m│[0m   [38;5;34m0x001006a0[0m      [38;5;178m39[38;5;178m6b[38;5;34m00[38;5;75m01[0m       [38;5;178maddi[38;5;251m r11[0m,[38;5;251m r11[0m,[38;5;251m [38;5;34m1[0m[0m
            [38;5;75m└[0m[38;5;75m─[0m[38;5;75m>[0m [38;5;34m0x001006a4[0m      [38;5;178m79[38;5;178m69[38;5;34m00[38;5;178m20[0m       [38;5;178mclrldi[38;5;251m r9[0m,[38;5;251m r11[0m,[38;5;178m[38;5;178m [38;5;34m0x20[0m[0m
                [38;5;34m0x001006a8[0m      [38;5;75m88[38;5;75m09[38;5;34m00[38;5;34m00[0m       [38;5;127mlbz[38;5;251m r0[0m,[38;5;251m [38;5;178m0[0m([38;5;251mr9[0m)[38;5;251m[0m[0m
                [38;5;34m0x001006ac[0m      [38;5;178m7c[38;5;34m00[38;5;75m07[38;5;178m74[0m       [38;5;75mextsb[38;5;251m r0[0m,[38;5;251m r0[0m[0m
                [38;5;34m0x001006b0[0m      [38;5;178m2f[38;5;75m80[38;5;34m00[38;5;178m20[0m       [38;5;75mcmpwi[38;5;251m cr7[0m,[38;5;251m r0[0m,[38;5;178m[38;5;178m [38;5;34m0x20[0m[0m
                [38;5;34m0x001006b4[0m      [38;5;178m2f[38;5;34m00[38;5;34m00[38;5;75m09[0m       [38;5;75mcmpwi[38;5;251m cr6[0m,[38;5;251m r0[0m,[38;5;251m [38;5;34m9[0m[0m
                [38;5;34m0x001006b8[0m      [38;5;178m41[38;5;75m9e[38;5;160mff[38;5;75me8[0m       [38;5;75mbeq[38;5;251m cr7[0m,[38;5;178m[38;5;178m [38;5;34m0x1006a0[0m[0m
                [38;5;34m0x001006bc[0m      [38;5;178m41[38;5;75m9a[38;5;160mff[38;5;75me4[0m       [38;5;75mbeq[38;5;251m cr6[0m,[38;5;178m[38;5;178m [38;5;34m0x1006a0[0m[0m
                [38;5;34m0x001006c0[0m      [38;5;178m7d[38;5;75m7f[38;5;178m5b[38;5;178m78[0m       [38;5;75mmr[38;5;251m r31[0m,[38;5;251m r11[0m[0m
            [38;5;75m┌[0m[38;5;75m─[0m[38;5;75m<[0m [38;5;34m0x001006c4[0m      [38;5;178m48[38;5;34m00[38;5;34m00[38;5;75m08[0m       [38;5;34mb[38;5;178m [38;5;34m0x1006cc[0m[0m
            [38;5;75m│[0m   [38;5;34m0x001006c8[0m      [38;5;178m39[38;5;178m6b[38;5;34m00[38;5;75m01[0m       [38;5;178maddi[38;5;251m r11[0m,[38;5;251m r11[0m,[38;5;251m [38;5;34m1[0m[0m
            [38;5;75m└[0m[38;5;75m─[0m[38;5;75m>[0m [38;5;34m0x001006cc[0m      [38;5;178m79[38;5;178m69[38;5;34m00[38;5;178m20[0m       [38;5;178mclrldi[38;5;251m r9[0m,[38;5;251m r11[0m,[38;5;178m[38;5;178m [38;5;34m0x20[0m[0m
                [38;5;34m0x001006d0[0m      [38;5;75m88[38;5;75m09[38;5;34m00[38;5;34m00[0m       [38;5;127mlbz[38;5;251m r0[0m,[38;5;251m [38;5;178m0[0m([38;5;251mr9[0m)[38;5;251m[0m[0m
                [38;5;34m0x001006d4[0m      [38;5;178m7c[38;5;34m00[38;5;75m07[38;5;178m74[0m       [38;5;75mextsb[38;5;251m r0[0m,[38;5;251m r0[0m[0m

[8/8] Full registration handler region (0x100000-0x101000)...
  Saved      512 lines to /Users/mihailurmanschi/Work/PsOldRemotePlay/research/tools/re_tools/output/elf_sysconf_plugin/sysconf_plugin_r2_reghandler_full.txt

  XOR instructions in registration handler:
                [38;5;34m0x001004fc[0m      [38;5;178m7d[38;5;178m29[38;5;75m02[38;5;178m78[0m       [38;5;178mxor[38;5;251m r9[0m,[38;5;251m r9[0m,[38;5;251m r0[0m[0m
                [38;5;34m0x00100584[0m      [38;5;178m7d[38;5;178m29[38;5;75m02[38;5;178m78[0m       [38;5;178mxor[38;5;251m r9[0m,[38;5;251m r9[0m,[38;5;251m r0[0m[0m
                [38;5;34m0x001005bc[0m      [38;5;178m7c[38;5;34m00[38;5;178m4a[38;5;178m78[0m       [38;5;178mxor[38;5;251m r0[0m,[38;5;251m r0[0m,[38;5;251m r9[0m[0m
                [38;5;34m0x001005e0[0m      [38;5;178m7d[38;5;178m29[38;5;75m02[38;5;178m78[0m       [38;5;178mxor[38;5;251m r9[0m,[38;5;251m r9[0m,[38;5;251m r0[0m[0m
                [38;5;34m0x00100620[0m      [38;5;178m7c[38;5;34m00[38;5;178m4a[38;5;178m78[0m       [38;5;178mxor[38;5;251m r0[0m,[38;5;251m r0[0m,[38;5;251m r9[0m[0m

=== Analysis complete. Output files saved to: /Users/mihailurmanschi/Work/PsOldRemotePlay/research/tools/re_tools/output/elf_sysconf_plugin ===
  -rw-r--r--  1 mihailurmanschi  staff     544 Mar 28 16:32 /Users/mihailurmanschi/Work/PsOldRemotePlay/research/tools/re_tools/output/elf_sysconf_plugin/sysconf_plugin_elf_header.txt
  -rw-r--r--  1 mihailurmanschi  staff     170 Mar 28 16:32 /Users/mihailurmanschi/Work/PsOldRemotePlay/research/tools/re_tools/output/elf_sysconf_plugin/sysconf_plugin_file_id.txt
  -rw-r--r--  1 mihailurmanschi  staff   52724 Mar 28 16:32 /Users/mihailurmanschi/Work/PsOldRemotePlay/research/tools/re_tools/output/elf_sysconf_plugin/sysconf_plugin_r2_disasm.txt
  -rw-r--r--  1 mihailurmanschi  staff     198 Mar 28 16:32 /Users/mihailurmanschi/Work/PsOldRemotePlay/research/tools/re_tools/output/elf_sysconf_plugin/sysconf_plugin_r2_exports.txt
  -rw-r--r--  1 mihailurmanschi  staff     114 Mar 28 16:32 /Users/mihailurmanschi/Work/PsOldRemotePlay/research/tools/re_tools/output/elf_sysconf_plugin/sysconf_plugin_r2_imports.txt
  -rw-r--r--  1 mihailurmanschi  staff     424 Mar 28 16:32 /Users/mihailurmanschi/Work/PsOldRemotePlay/research/tools/re_tools/output/elf_sysconf_plugin/sysconf_plugin_r2_info.txt
  -rw-r--r--  1 mihailurmanschi  staff   96033 Mar 28 16:32 /Users/mihailurmanschi/Work/PsOldRemotePlay/research/tools/re_tools/output/elf_sysconf_plugin/sysconf_plugin_r2_reghandler_full.txt
  -rw-r--r--  1 mihailurmanschi  staff     198 Mar 28 16:32 /Users/mihailurmanschi/Work/PsOldRemotePlay/research/tools/re_tools/output/elf_sysconf_plugin/sysconf_plugin_r2_sections.txt
  -rw-r--r--  1 mihailurmanschi  staff  113814 Mar 28 16:32 /Users/mihailurmanschi/Work/PsOldRemotePlay/research/tools/re_tools/output/elf_sysconf_plugin/sysconf_plugin_strings.txt
  -rw-r--r--  1 mihailurmanschi  staff       0 Mar 28 16:32 /Users/mihailurmanschi/Work/PsOldRemotePlay/research/tools/re_tools/output/elf_sysconf_plugin/sysconf_plugin_symbols.txt
