=== Analyzing PS3 ELF: /Users/mihailurmanschi/Work/PsOldRemotePlay/research/pupps3/decrypted_elfs/premo_game_plugin.elf ===
Output prefix: /Users/mihailurmanschi/Work/PsOldRemotePlay/research/tools/re_tools/output/elf_premo_game_plugin/premo_game_plugin

[1/8] File identification...
/Users/mihailurmanschi/Work/PsOldRemotePlay/research/pupps3/decrypted_elfs/premo_game_plugin.elf: ELF 64-bit MSB processor-specific, 64-bit PowerPC or cisco 7500, version 1

[2/8] ELF header (first 128 bytes)...
00000000: 7f45 4c46 0202 0166 0000 0000 0000 0000  .ELF...f........
00000010: ffa4 0015 0000 0001 0000 0000 0000 0000  ................
00000020: 0000 0000 0000 0040 0000 0000 0000 0000  .......@........
00000030: 0100 0000 0040 0038 0003 0000 0000 0000  .....@.8........
00000040: 0000 0001 0040 0005 0000 0000 0000 00f0  .....@..........
00000050: 0000 0000 0000 0000 0000 0000 0002 bab8  ................
00000060: 0000 0000 0002 f090 0000 0000 0002 f090  ................
00000070: 0000 0000 0000 0010 0000 0001 0060 0006  .............`..

[3/8] Extracting strings...
  Found      671 strings (saved to /Users/mihailurmanschi/Work/PsOldRemotePlay/research/tools/re_tools/output/elf_premo_game_plugin/premo_game_plugin_strings.txt)
  Crypto-related strings:
    premo_game_plugin_module
    premo_page
    premo_dialog_page
    premo_brightness_page
    premo_subdisplay_page
    premoPlane
    OnPremoPageInit
    OnPremoDialogPageInit
    OnPremoBrightnessPageInit
    OnPremoInfobarInit
    OnPremoInfobarFakeInit
    OnPremoBtnnaviInit
    OnPremoBtnnaviFakeInit
    premo_copy_thread
    premoplane
    premo_game_plugin
    premo_dialog_page
    rectangle_shadow_fake16_9
    cross_shadow_fake16_9
    circle_shadow_fake16_9
    triangle_shadow_fake16_9
    rectangle_shadow
    cross_shadow
    circle_shadow
    triangle_shadow
    premo_page_infobar_fake16_9
    premo_page_infobar
    premo_page_btnnavi_fake16_9
    premo_page_btnnavi
    infoicon_shadow_fake16_9

[4/8] Symbol table...
  Found        0 symbols

[5/8] Searching for known crypto constants...
  IV_BASE_PSP          not found
  IV_BASE_PHONE        not found
  IV_BASE_PC           not found
  SKEY0                not found
  SKEY2                not found

[6/8] radare2 analysis...
  Getting binary info...
    arch     ppc
    baddr    0x0
    binsz    309208
    bintype  elf
    bits     64
    canary   false
    injprot  true
    class    ELF64
    flags    0x1000000
    crypto   false
    endian   big
    havecode true
    laddr    0x0
    lang     c
    linenum  false
    lsyms    false
    machine  PowerPC 64-bit
    nx       false
    os       linux
    pic      false
    relocs   false
    relro    no
    rpath    NONE
    sanitize false
    static   true
    stripped true
    uncaps   false
    subsys   linux
    va       true

  Sections:
    nth paddr  size vaddr  vsize perm flags type name
    ―――――――――――――――――――――――――――――――――――――――――――――――――

  Imports:
    nth vaddr bind type lib name
    ――――――――――――――――――――――――――――

  Exports:
    nth paddr vaddr bind type size lib name demangled
    ―――――――――――――――――――――――――――――――――――――――――――――――――

[7/8] Disassembling registration handler addresses...

  === Address 0x100168 (64 instructions) ===
                [38;5;34m0x00100168[0m      [38;5;160mff[38;5;160mff[38;5;160mff[38;5;160mff[0m       [38;5;75mfnmadd.[38;5;251m f31[0m,[38;5;251m f31[0m,[38;5;251m f31[0m,[38;5;251m f31[0m[0m
                [38;5;34m0x0010016c[0m      [38;5;160mff[38;5;160mff[38;5;160mff[38;5;160mff[0m       [38;5;75mfnmadd.[38;5;251m f31[0m,[38;5;251m f31[0m,[38;5;251m f31[0m,[38;5;251m f31[0m[0m
                [38;5;34m0x00100170[0m      [38;5;160mff[38;5;160mff[38;5;160mff[38;5;160mff[0m       [38;5;75mfnmadd.[38;5;251m f31[0m,[38;5;251m f31[0m,[38;5;251m f31[0m,[38;5;251m f31[0m[0m
                [38;5;34m0x00100174[0m      [38;5;160mff[38;5;160mff[38;5;160mff[38;5;160mff[0m       [38;5;75mfnmadd.[38;5;251m f31[0m,[38;5;251m f31[0m,[38;5;251m f31[0m,[38;5;251m f31[0m[0m
                [38;5;34m0x00100178[0m      [38;5;160mff[38;5;160mff[38;5;160mff[38;5;160mff[0m       [38;5;75mfnmadd.[38;5;251m f31[0m,[38;5;251m f31[0m,[38;5;251m f31[0m,[38;5;251m f31[0m[0m
                [38;5;34m0x0010017c[0m      [38;5;160mff[38;5;160mff[38;5;160mff[38;5;160mff[0m       [38;5;75mfnmadd.[38;5;251m f31[0m,[38;5;251m f31[0m,[38;5;251m f31[0m,[38;5;251m f31[0m[0m
                [38;5;34m0x00100180[0m      [38;5;160mff[38;5;160mff[38;5;160mff[38;5;160mff[0m       [38;5;75mfnmadd.[38;5;251m f31[0m,[38;5;251m f31[0m,[38;5;251m f31[0m,[38;5;251m f31[0m[0m
                [38;5;34m0x00100184[0m      [38;5;160mff[38;5;160mff[38;5;160mff[38;5;160mff[0m       [38;5;75mfnmadd.[38;5;251m f31[0m,[38;5;251m f31[0m,[38;5;251m f31[0m,[38;5;251m f31[0m[0m
                [38;5;34m0x00100188[0m      [38;5;160mff[38;5;160mff[38;5;160mff[38;5;160mff[0m       [38;5;75mfnmadd.[38;5;251m f31[0m,[38;5;251m f31[0m,[38;5;251m f31[0m,[38;5;251m f31[0m[0m
                [38;5;34m0x0010018c[0m      [38;5;160mff[38;5;160mff[38;5;160mff[38;5;160mff[0m       [38;5;75mfnmadd.[38;5;251m f31[0m,[38;5;251m f31[0m,[38;5;251m f31[0m,[38;5;251m f31[0m[0m
                [38;5;34m0x00100190[0m      [38;5;160mff[38;5;160mff[38;5;160mff[38;5;160mff[0m       [38;5;75mfnmadd.[38;5;251m f31[0m,[38;5;251m f31[0m,[38;5;251m f31[0m,[38;5;251m f31[0m[0m
                [38;5;34m0x00100194[0m      [38;5;160mff[38;5;160mff[38;5;160mff[38;5;160mff[0m       [38;5;75mfnmadd.[38;5;251m f31[0m,[38;5;251m f31[0m,[38;5;251m f31[0m,[38;5;251m f31[0m[0m
                [38;5;34m0x00100198[0m      [38;5;160mff[38;5;160mff[38;5;160mff[38;5;160mff[0m       [38;5;75mfnmadd.[38;5;251m f31[0m,[38;5;251m f31[0m,[38;5;251m f31[0m,[38;5;251m f31[0m[0m
                [38;5;34m0x0010019c[0m      [38;5;160mff[38;5;160mff[38;5;160mff[38;5;160mff[0m       [38;5;75mfnmadd.[38;5;251m f31[0m,[38;5;251m f31[0m,[38;5;251m f31[0m,[38;5;251m f31[0m[0m
                [38;5;34m0x001001a0[0m      [38;5;160mff[38;5;160mff[38;5;160mff[38;5;160mff[0m       [38;5;75mfnmadd.[38;5;251m f31[0m,[38;5;251m f31[0m,[38;5;251m f31[0m,[38;5;251m f31[0m[0m
                [38;5;34m0x001001a4[0m      [38;5;160mff[38;5;160mff[38;5;160mff[38;5;160mff[0m       [38;5;75mfnmadd.[38;5;251m f31[0m,[38;5;251m f31[0m,[38;5;251m f31[0m,[38;5;251m f31[0m[0m
                [38;5;34m0x001001a8[0m      [38;5;160mff[38;5;160mff[38;5;160mff[38;5;160mff[0m       [38;5;75mfnmadd.[38;5;251m f31[0m,[38;5;251m f31[0m,[38;5;251m f31[0m,[38;5;251m f31[0m[0m
                [38;5;34m0x001001ac[0m      [38;5;160mff[38;5;160mff[38;5;160mff[38;5;160mff[0m       [38;5;75mfnmadd.[38;5;251m f31[0m,[38;5;251m f31[0m,[38;5;251m f31[0m,[38;5;251m f31[0m[0m
                [38;5;34m0x001001b0[0m      [38;5;160mff[38;5;160mff[38;5;160mff[38;5;160mff[0m       [38;5;75mfnmadd.[38;5;251m f31[0m,[38;5;251m f31[0m,[38;5;251m f31[0m,[38;5;251m f31[0m[0m
                [38;5;34m0x001001b4[0m      [38;5;160mff[38;5;160mff[38;5;160mff[38;5;160mff[0m       [38;5;75mfnmadd.[38;5;251m f31[0m,[38;5;251m f31[0m,[38;5;251m f31[0m,[38;5;251m f31[0m[0m
                [38;5;34m0x001001b8[0m      [38;5;160mff[38;5;160mff[38;5;160mff[38;5;160mff[0m       [38;5;75mfnmadd.[38;5;251m f31[0m,[38;5;251m f31[0m,[38;5;251m f31[0m,[38;5;251m f31[0m[0m
                [38;5;34m0x001001bc[0m      [38;5;160mff[38;5;160mff[38;5;160mff[38;5;160mff[0m       [38;5;75mfnmadd.[38;5;251m f31[0m,[38;5;251m f31[0m,[38;5;251m f31[0m,[38;5;251m f31[0m[0m
                [38;5;34m0x001001c0[0m      [38;5;160mff[38;5;160mff[38;5;160mff[38;5;160mff[0m       [38;5;75mfnmadd.[38;5;251m f31[0m,[38;5;251m f31[0m,[38;5;251m f31[0m,[38;5;251m f31[0m[0m
                [38;5;34m0x001001c4[0m      [38;5;160mff[38;5;160mff[38;5;160mff[38;5;160mff[0m       [38;5;75mfnmadd.[38;5;251m f31[0m,[38;5;251m f31[0m,[38;5;251m f31[0m,[38;5;251m f31[0m[0m
                [38;5;34m0x001001c8[0m      [38;5;160mff[38;5;160mff[38;5;160mff[38;5;160mff[0m       [38;5;75mfnmadd.[38;5;251m f31[0m,[38;5;251m f31[0m,[38;5;251m f31[0m,[38;5;251m f31[0m[0m
                [38;5;34m0x001001cc[0m      [38;5;160mff[38;5;160mff[38;5;160mff[38;5;160mff[0m       [38;5;75mfnmadd.[38;5;251m f31[0m,[38;5;251m f31[0m,[38;5;251m f31[0m,[38;5;251m f31[0m[0m
                [38;5;34m0x001001d0[0m      [38;5;160mff[38;5;160mff[38;5;160mff[38;5;160mff[0m       [38;5;75mfnmadd.[38;5;251m f31[0m,[38;5;251m f31[0m,[38;5;251m f31[0m,[38;5;251m f31[0m[0m
                [38;5;34m0x001001d4[0m      [38;5;160mff[38;5;160mff[38;5;160mff[38;5;160mff[0m       [38;5;75mfnmadd.[38;5;251m f31[0m,[38;5;251m f31[0m,[38;5;251m f31[0m,[38;5;251m f31[0m[0m
                [38;5;34m0x001001d8[0m      [38;5;160mff[38;5;160mff[38;5;160mff[38;5;160mff[0m       [38;5;75mfnmadd.[38;5;251m f31[0m,[38;5;251m f31[0m,[38;5;251m f31[0m,[38;5;251m f31[0m[0m
                [38;5;34m0x001001dc[0m      [38;5;160mff[38;5;160mff[38;5;160mff[38;5;160mff[0m       [38;5;75mfnmadd.[38;5;251m f31[0m,[38;5;251m f31[0m,[38;5;251m f31[0m,[38;5;251m f31[0m[0m
                [38;5;34m0x001001e0[0m      [38;5;160mff[38;5;160mff[38;5;160mff[38;5;160mff[0m       [38;5;75mfnmadd.[38;5;251m f31[0m,[38;5;251m f31[0m,[38;5;251m f31[0m,[38;5;251m f31[0m[0m
                [38;5;34m0x001001e4[0m      [38;5;160mff[38;5;160mff[38;5;160mff[38;5;160mff[0m       [38;5;75mfnmadd.[38;5;251m f31[0m,[38;5;251m f31[0m,[38;5;251m f31[0m,[38;5;251m f31[0m[0m
                [38;5;34m0x001001e8[0m      [38;5;160mff[38;5;160mff[38;5;160mff[38;5;160mff[0m       [38;5;75mfnmadd.[38;5;251m f31[0m,[38;5;251m f31[0m,[38;5;251m f31[0m,[38;5;251m f31[0m[0m
                [38;5;34m0x001001ec[0m      [38;5;160mff[38;5;160mff[38;5;160mff[38;5;160mff[0m       [38;5;75mfnmadd.[38;5;251m f31[0m,[38;5;251m f31[0m,[38;5;251m f31[0m,[38;5;251m f31[0m[0m
                [38;5;34m0x001001f0[0m      [38;5;160mff[38;5;160mff[38;5;160mff[38;5;160mff[0m       [38;5;75mfnmadd.[38;5;251m f31[0m,[38;5;251m f31[0m,[38;5;251m f31[0m,[38;5;251m f31[0m[0m
                [38;5;34m0x001001f4[0m      [38;5;160mff[38;5;160mff[38;5;160mff[38;5;160mff[0m       [38;5;75mfnmadd.[38;5;251m f31[0m,[38;5;251m f31[0m,[38;5;251m f31[0m,[38;5;251m f31[0m[0m
                [38;5;34m0x001001f8[0m      [38;5;160mff[38;5;160mff[38;5;160mff[38;5;160mff[0m       [38;5;75mfnmadd.[38;5;251m f31[0m,[38;5;251m f31[0m,[38;5;251m f31[0m,[38;5;251m f31[0m[0m
                [38;5;34m0x001001fc[0m      [38;5;160mff[38;5;160mff[38;5;160mff[38;5;160mff[0m       [38;5;75mfnmadd.[38;5;251m f31[0m,[38;5;251m f31[0m,[38;5;251m f31[0m,[38;5;251m f31[0m[0m
                [38;5;34m0x00100200[0m      [38;5;160mff[38;5;160mff[38;5;160mff[38;5;160mff[0m       [38;5;75mfnmadd.[38;5;251m f31[0m,[38;5;251m f31[0m,[38;5;251m f31[0m,[38;5;251m f31[0m[0m
                [38;5;34m0x00100204[0m      [38;5;160mff[38;5;160mff[38;5;160mff[38;5;160mff[0m       [38;5;75mfnmadd.[38;5;251m f31[0m,[38;5;251m f31[0m,[38;5;251m f31[0m,[38;5;251m f31[0m[0m
                [38;5;34m0x00100208[0m      [38;5;160mff[38;5;160mff[38;5;160mff[38;5;160mff[0m       [38;5;75mfnmadd.[38;5;251m f31[0m,[38;5;251m f31[0m,[38;5;251m f31[0m,[38;5;251m f31[0m[0m
                [38;5;34m0x0010020c[0m      [38;5;160mff[38;5;160mff[38;5;160mff[38;5;160mff[0m       [38;5;75mfnmadd.[38;5;251m f31[0m,[38;5;251m f31[0m,[38;5;251m f31[0m,[38;5;251m f31[0m[0m
                [38;5;34m0x00100210[0m      [38;5;160mff[38;5;160mff[38;5;160mff[38;5;160mff[0m       [38;5;75mfnmadd.[38;5;251m f31[0m,[38;5;251m f31[0m,[38;5;251m f31[0m,[38;5;251m f31[0m[0m
                [38;5;34m0x00100214[0m      [38;5;160mff[38;5;160mff[38;5;160mff[38;5;160mff[0m       [38;5;75mfnmadd.[38;5;251m f31[0m,[38;5;251m f31[0m,[38;5;251m f31[0m,[38;5;251m f31[0m[0m
                [38;5;34m0x00100218[0m      [38;5;160mff[38;5;160mff[38;5;160mff[38;5;160mff[0m       [38;5;75mfnmadd.[38;5;251m f31[0m,[38;5;251m f31[0m,[38;5;251m f31[0m,[38;5;251m f31[0m[0m
                [38;5;34m0x0010021c[0m      [38;5;160mff[38;5;160mff[38;5;160mff[38;5;160mff[0m       [38;5;75mfnmadd.[38;5;251m f31[0m,[38;5;251m f31[0m,[38;5;251m f31[0m,[38;5;251m f31[0m[0m
                [38;5;34m0x00100220[0m      [38;5;160mff[38;5;160mff[38;5;160mff[38;5;160mff[0m       [38;5;75mfnmadd.[38;5;251m f31[0m,[38;5;251m f31[0m,[38;5;251m f31[0m,[38;5;251m f31[0m[0m
                [38;5;34m0x00100224[0m      [38;5;160mff[38;5;160mff[38;5;160mff[38;5;160mff[0m       [38;5;75mfnmadd.[38;5;251m f31[0m,[38;5;251m f31[0m,[38;5;251m f31[0m,[38;5;251m f31[0m[0m
                [38;5;34m0x00100228[0m      [38;5;160mff[38;5;160mff[38;5;160mff[38;5;160mff[0m       [38;5;75mfnmadd.[38;5;251m f31[0m,[38;5;251m f31[0m,[38;5;251m f31[0m,[38;5;251m f31[0m[0m
                [38;5;34m0x0010022c[0m      [38;5;160mff[38;5;160mff[38;5;160mff[38;5;160mff[0m       [38;5;75mfnmadd.[38;5;251m f31[0m,[38;5;251m f31[0m,[38;5;251m f31[0m,[38;5;251m f31[0m[0m
                [38;5;34m0x00100230[0m      [38;5;160mff[38;5;160mff[38;5;160mff[38;5;160mff[0m       [38;5;75mfnmadd.[38;5;251m f31[0m,[38;5;251m f31[0m,[38;5;251m f31[0m,[38;5;251m f31[0m[0m
                [38;5;34m0x00100234[0m      [38;5;160mff[38;5;160mff[38;5;160mff[38;5;160mff[0m       [38;5;75mfnmadd.[38;5;251m f31[0m,[38;5;251m f31[0m,[38;5;251m f31[0m,[38;5;251m f31[0m[0m
                [38;5;34m0x00100238[0m      [38;5;160mff[38;5;160mff[38;5;160mff[38;5;160mff[0m       [38;5;75mfnmadd.[38;5;251m f31[0m,[38;5;251m f31[0m,[38;5;251m f31[0m,[38;5;251m f31[0m[0m
                [38;5;34m0x0010023c[0m      [38;5;160mff[38;5;160mff[38;5;160mff[38;5;160mff[0m       [38;5;75mfnmadd.[38;5;251m f31[0m,[38;5;251m f31[0m,[38;5;251m f31[0m,[38;5;251m f31[0m[0m
                [38;5;34m0x00100240[0m      [38;5;160mff[38;5;160mff[38;5;160mff[38;5;160mff[0m       [38;5;75mfnmadd.[38;5;251m f31[0m,[38;5;251m f31[0m,[38;5;251m f31[0m,[38;5;251m f31[0m[0m
                [38;5;34m0x00100244[0m      [38;5;160mff[38;5;160mff[38;5;160mff[38;5;160mff[0m       [38;5;75mfnmadd.[38;5;251m f31[0m,[38;5;251m f31[0m,[38;5;251m f31[0m,[38;5;251m f31[0m[0m
                [38;5;34m0x00100248[0m      [38;5;160mff[38;5;160mff[38;5;160mff[38;5;160mff[0m       [38;5;75mfnmadd.[38;5;251m f31[0m,[38;5;251m f31[0m,[38;5;251m f31[0m,[38;5;251m f31[0m[0m
                [38;5;34m0x0010024c[0m      [38;5;160mff[38;5;160mff[38;5;160mff[38;5;160mff[0m       [38;5;75mfnmadd.[38;5;251m f31[0m,[38;5;251m f31[0m,[38;5;251m f31[0m,[38;5;251m f31[0m[0m
                [38;5;34m0x00100250[0m      [38;5;160mff[38;5;160mff[38;5;160mff[38;5;160mff[0m       [38;5;75mfnmadd.[38;5;251m f31[0m,[38;5;251m f31[0m,[38;5;251m f31[0m,[38;5;251m f31[0m[0m
                [38;5;34m0x00100254[0m      [38;5;160mff[38;5;160mff[38;5;160mff[38;5;160mff[0m       [38;5;75mfnmadd.[38;5;251m f31[0m,[38;5;251m f31[0m,[38;5;251m f31[0m,[38;5;251m f31[0m[0m
                [38;5;34m0x00100258[0m      [38;5;160mff[38;5;160mff[38;5;160mff[38;5;160mff[0m       [38;5;75mfnmadd.[38;5;251m f31[0m,[38;5;251m f31[0m,[38;5;251m f31[0m,[38;5;251m f31[0m[0m
                [38;5;34m0x0010025c[0m      [38;5;160mff[38;5;160mff[38;5;160mff[38;5;160mff[0m       [38;5;75mfnmadd.[38;5;251m f31[0m,[38;5;251m f31[0m,[38;5;251m f31[0m,[38;5;251m f31[0m[0m
                [38;5;34m0x00100260[0m      [38;5;160mff[38;5;160mff[38;5;160mff[38;5;160mff[0m       [38;5;75mfnmadd.[38;5;251m f31[0m,[38;5;251m f31[0m,[38;5;251m f31[0m,[38;5;251m f31[0m[0m
                [38;5;34m0x00100264[0m      [38;5;160mff[38;5;160mff[38;5;160mff[38;5;160mff[0m       [38;5;75mfnmadd.[38;5;251m f31[0m,[38;5;251m f31[0m,[38;5;251m f31[0m,[38;5;251m f31[0m[0m

  === Address 0x1004F4 (64 instructions) ===
                [38;5;34m0x001004f4[0m      [38;5;160mff[38;5;160mff[38;5;160mff[38;5;160mff[0m       [38;5;75mfnmadd.[38;5;251m f31[0m,[38;5;251m f31[0m,[38;5;251m f31[0m,[38;5;251m f31[0m[0m
                [38;5;34m0x001004f8[0m      [38;5;160mff[38;5;160mff[38;5;160mff[38;5;160mff[0m       [38;5;75mfnmadd.[38;5;251m f31[0m,[38;5;251m f31[0m,[38;5;251m f31[0m,[38;5;251m f31[0m[0m
                [38;5;34m0x001004fc[0m      [38;5;160mff[38;5;160mff[38;5;160mff[38;5;160mff[0m       [38;5;75mfnmadd.[38;5;251m f31[0m,[38;5;251m f31[0m,[38;5;251m f31[0m,[38;5;251m f31[0m[0m
                [38;5;34m0x00100500[0m      [38;5;160mff[38;5;160mff[38;5;160mff[38;5;160mff[0m       [38;5;75mfnmadd.[38;5;251m f31[0m,[38;5;251m f31[0m,[38;5;251m f31[0m,[38;5;251m f31[0m[0m
                [38;5;34m0x00100504[0m      [38;5;160mff[38;5;160mff[38;5;160mff[38;5;160mff[0m       [38;5;75mfnmadd.[38;5;251m f31[0m,[38;5;251m f31[0m,[38;5;251m f31[0m,[38;5;251m f31[0m[0m
                [38;5;34m0x00100508[0m      [38;5;160mff[38;5;160mff[38;5;160mff[38;5;160mff[0m       [38;5;75mfnmadd.[38;5;251m f31[0m,[38;5;251m f31[0m,[38;5;251m f31[0m,[38;5;251m f31[0m[0m
                [38;5;34m0x0010050c[0m      [38;5;160mff[38;5;160mff[38;5;160mff[38;5;160mff[0m       [38;5;75mfnmadd.[38;5;251m f31[0m,[38;5;251m f31[0m,[38;5;251m f31[0m,[38;5;251m f31[0m[0m
                [38;5;34m0x00100510[0m      [38;5;160mff[38;5;160mff[38;5;160mff[38;5;160mff[0m       [38;5;75mfnmadd.[38;5;251m f31[0m,[38;5;251m f31[0m,[38;5;251m f31[0m,[38;5;251m f31[0m[0m
                [38;5;34m0x00100514[0m      [38;5;160mff[38;5;160mff[38;5;160mff[38;5;160mff[0m       [38;5;75mfnmadd.[38;5;251m f31[0m,[38;5;251m f31[0m,[38;5;251m f31[0m,[38;5;251m f31[0m[0m
                [38;5;34m0x00100518[0m      [38;5;160mff[38;5;160mff[38;5;160mff[38;5;160mff[0m       [38;5;75mfnmadd.[38;5;251m f31[0m,[38;5;251m f31[0m,[38;5;251m f31[0m,[38;5;251m f31[0m[0m
                [38;5;34m0x0010051c[0m      [38;5;160mff[38;5;160mff[38;5;160mff[38;5;160mff[0m       [38;5;75mfnmadd.[38;5;251m f31[0m,[38;5;251m f31[0m,[38;5;251m f31[0m,[38;5;251m f31[0m[0m
                [38;5;34m0x00100520[0m      [38;5;160mff[38;5;160mff[38;5;160mff[38;5;160mff[0m       [38;5;75mfnmadd.[38;5;251m f31[0m,[38;5;251m f31[0m,[38;5;251m f31[0m,[38;5;251m f31[0m[0m
                [38;5;34m0x00100524[0m      [38;5;160mff[38;5;160mff[38;5;160mff[38;5;160mff[0m       [38;5;75mfnmadd.[38;5;251m f31[0m,[38;5;251m f31[0m,[38;5;251m f31[0m,[38;5;251m f31[0m[0m
                [38;5;34m0x00100528[0m      [38;5;160mff[38;5;160mff[38;5;160mff[38;5;160mff[0m       [38;5;75mfnmadd.[38;5;251m f31[0m,[38;5;251m f31[0m,[38;5;251m f31[0m,[38;5;251m f31[0m[0m
                [38;5;34m0x0010052c[0m      [38;5;160mff[38;5;160mff[38;5;160mff[38;5;160mff[0m       [38;5;75mfnmadd.[38;5;251m f31[0m,[38;5;251m f31[0m,[38;5;251m f31[0m,[38;5;251m f31[0m[0m
                [38;5;34m0x00100530[0m      [38;5;160mff[38;5;160mff[38;5;160mff[38;5;160mff[0m       [38;5;75mfnmadd.[38;5;251m f31[0m,[38;5;251m f31[0m,[38;5;251m f31[0m,[38;5;251m f31[0m[0m
                [38;5;34m0x00100534[0m      [38;5;160mff[38;5;160mff[38;5;160mff[38;5;160mff[0m       [38;5;75mfnmadd.[38;5;251m f31[0m,[38;5;251m f31[0m,[38;5;251m f31[0m,[38;5;251m f31[0m[0m
                [38;5;34m0x00100538[0m      [38;5;160mff[38;5;160mff[38;5;160mff[38;5;160mff[0m       [38;5;75mfnmadd.[38;5;251m f31[0m,[38;5;251m f31[0m,[38;5;251m f31[0m,[38;5;251m f31[0m[0m
                [38;5;34m0x0010053c[0m      [38;5;160mff[38;5;160mff[38;5;160mff[38;5;160mff[0m       [38;5;75mfnmadd.[38;5;251m f31[0m,[38;5;251m f31[0m,[38;5;251m f31[0m,[38;5;251m f31[0m[0m
                [38;5;34m0x00100540[0m      [38;5;160mff[38;5;160mff[38;5;160mff[38;5;160mff[0m       [38;5;75mfnmadd.[38;5;251m f31[0m,[38;5;251m f31[0m,[38;5;251m f31[0m,[38;5;251m f31[0m[0m
                [38;5;34m0x00100544[0m      [38;5;160mff[38;5;160mff[38;5;160mff[38;5;160mff[0m       [38;5;75mfnmadd.[38;5;251m f31[0m,[38;5;251m f31[0m,[38;5;251m f31[0m,[38;5;251m f31[0m[0m
                [38;5;34m0x00100548[0m      [38;5;160mff[38;5;160mff[38;5;160mff[38;5;160mff[0m       [38;5;75mfnmadd.[38;5;251m f31[0m,[38;5;251m f31[0m,[38;5;251m f31[0m,[38;5;251m f31[0m[0m
                [38;5;34m0x0010054c[0m      [38;5;160mff[38;5;160mff[38;5;160mff[38;5;160mff[0m       [38;5;75mfnmadd.[38;5;251m f31[0m,[38;5;251m f31[0m,[38;5;251m f31[0m,[38;5;251m f31[0m[0m
                [38;5;34m0x00100550[0m      [38;5;160mff[38;5;160mff[38;5;160mff[38;5;160mff[0m       [38;5;75mfnmadd.[38;5;251m f31[0m,[38;5;251m f31[0m,[38;5;251m f31[0m,[38;5;251m f31[0m[0m
                [38;5;34m0x00100554[0m      [38;5;160mff[38;5;160mff[38;5;160mff[38;5;160mff[0m       [38;5;75mfnmadd.[38;5;251m f31[0m,[38;5;251m f31[0m,[38;5;251m f31[0m,[38;5;251m f31[0m[0m
                [38;5;34m0x00100558[0m      [38;5;160mff[38;5;160mff[38;5;160mff[38;5;160mff[0m       [38;5;75mfnmadd.[38;5;251m f31[0m,[38;5;251m f31[0m,[38;5;251m f31[0m,[38;5;251m f31[0m[0m
                [38;5;34m0x0010055c[0m      [38;5;160mff[38;5;160mff[38;5;160mff[38;5;160mff[0m       [38;5;75mfnmadd.[38;5;251m f31[0m,[38;5;251m f31[0m,[38;5;251m f31[0m,[38;5;251m f31[0m[0m
                [38;5;34m0x00100560[0m      [38;5;160mff[38;5;160mff[38;5;160mff[38;5;160mff[0m       [38;5;75mfnmadd.[38;5;251m f31[0m,[38;5;251m f31[0m,[38;5;251m f31[0m,[38;5;251m f31[0m[0m
                [38;5;34m0x00100564[0m      [38;5;160mff[38;5;160mff[38;5;160mff[38;5;160mff[0m       [38;5;75mfnmadd.[38;5;251m f31[0m,[38;5;251m f31[0m,[38;5;251m f31[0m,[38;5;251m f31[0m[0m
                [38;5;34m0x00100568[0m      [38;5;160mff[38;5;160mff[38;5;160mff[38;5;160mff[0m       [38;5;75mfnmadd.[38;5;251m f31[0m,[38;5;251m f31[0m,[38;5;251m f31[0m,[38;5;251m f31[0m[0m
                [38;5;34m0x0010056c[0m      [38;5;160mff[38;5;160mff[38;5;160mff[38;5;160mff[0m       [38;5;75mfnmadd.[38;5;251m f31[0m,[38;5;251m f31[0m,[38;5;251m f31[0m,[38;5;251m f31[0m[0m
                [38;5;34m0x00100570[0m      [38;5;160mff[38;5;160mff[38;5;160mff[38;5;160mff[0m       [38;5;75mfnmadd.[38;5;251m f31[0m,[38;5;251m f31[0m,[38;5;251m f31[0m,[38;5;251m f31[0m[0m
                [38;5;34m0x00100574[0m      [38;5;160mff[38;5;160mff[38;5;160mff[38;5;160mff[0m       [38;5;75mfnmadd.[38;5;251m f31[0m,[38;5;251m f31[0m,[38;5;251m f31[0m,[38;5;251m f31[0m[0m
                [38;5;34m0x00100578[0m      [38;5;160mff[38;5;160mff[38;5;160mff[38;5;160mff[0m       [38;5;75mfnmadd.[38;5;251m f31[0m,[38;5;251m f31[0m,[38;5;251m f31[0m,[38;5;251m f31[0m[0m
                [38;5;34m0x0010057c[0m      [38;5;160mff[38;5;160mff[38;5;160mff[38;5;160mff[0m       [38;5;75mfnmadd.[38;5;251m f31[0m,[38;5;251m f31[0m,[38;5;251m f31[0m,[38;5;251m f31[0m[0m
                [38;5;34m0x00100580[0m      [38;5;160mff[38;5;160mff[38;5;160mff[38;5;160mff[0m       [38;5;75mfnmadd.[38;5;251m f31[0m,[38;5;251m f31[0m,[38;5;251m f31[0m,[38;5;251m f31[0m[0m
                [38;5;34m0x00100584[0m      [38;5;160mff[38;5;160mff[38;5;160mff[38;5;160mff[0m       [38;5;75mfnmadd.[38;5;251m f31[0m,[38;5;251m f31[0m,[38;5;251m f31[0m,[38;5;251m f31[0m[0m
                [38;5;34m0x00100588[0m      [38;5;160mff[38;5;160mff[38;5;160mff[38;5;160mff[0m       [38;5;75mfnmadd.[38;5;251m f31[0m,[38;5;251m f31[0m,[38;5;251m f31[0m,[38;5;251m f31[0m[0m
                [38;5;34m0x0010058c[0m      [38;5;160mff[38;5;160mff[38;5;160mff[38;5;160mff[0m       [38;5;75mfnmadd.[38;5;251m f31[0m,[38;5;251m f31[0m,[38;5;251m f31[0m,[38;5;251m f31[0m[0m
                [38;5;34m0x00100590[0m      [38;5;160mff[38;5;160mff[38;5;160mff[38;5;160mff[0m       [38;5;75mfnmadd.[38;5;251m f31[0m,[38;5;251m f31[0m,[38;5;251m f31[0m,[38;5;251m f31[0m[0m
                [38;5;34m0x00100594[0m      [38;5;160mff[38;5;160mff[38;5;160mff[38;5;160mff[0m       [38;5;75mfnmadd.[38;5;251m f31[0m,[38;5;251m f31[0m,[38;5;251m f31[0m,[38;5;251m f31[0m[0m
                [38;5;34m0x00100598[0m      [38;5;160mff[38;5;160mff[38;5;160mff[38;5;160mff[0m       [38;5;75mfnmadd.[38;5;251m f31[0m,[38;5;251m f31[0m,[38;5;251m f31[0m,[38;5;251m f31[0m[0m
                [38;5;34m0x0010059c[0m      [38;5;160mff[38;5;160mff[38;5;160mff[38;5;160mff[0m       [38;5;75mfnmadd.[38;5;251m f31[0m,[38;5;251m f31[0m,[38;5;251m f31[0m,[38;5;251m f31[0m[0m
                [38;5;34m0x001005a0[0m      [38;5;160mff[38;5;160mff[38;5;160mff[38;5;160mff[0m       [38;5;75mfnmadd.[38;5;251m f31[0m,[38;5;251m f31[0m,[38;5;251m f31[0m,[38;5;251m f31[0m[0m
                [38;5;34m0x001005a4[0m      [38;5;160mff[38;5;160mff[38;5;160mff[38;5;160mff[0m       [38;5;75mfnmadd.[38;5;251m f31[0m,[38;5;251m f31[0m,[38;5;251m f31[0m,[38;5;251m f31[0m[0m
                [38;5;34m0x001005a8[0m      [38;5;160mff[38;5;160mff[38;5;160mff[38;5;160mff[0m       [38;5;75mfnmadd.[38;5;251m f31[0m,[38;5;251m f31[0m,[38;5;251m f31[0m,[38;5;251m f31[0m[0m
                [38;5;34m0x001005ac[0m      [38;5;160mff[38;5;160mff[38;5;160mff[38;5;160mff[0m       [38;5;75mfnmadd.[38;5;251m f31[0m,[38;5;251m f31[0m,[38;5;251m f31[0m,[38;5;251m f31[0m[0m
                [38;5;34m0x001005b0[0m      [38;5;160mff[38;5;160mff[38;5;160mff[38;5;160mff[0m       [38;5;75mfnmadd.[38;5;251m f31[0m,[38;5;251m f31[0m,[38;5;251m f31[0m,[38;5;251m f31[0m[0m
                [38;5;34m0x001005b4[0m      [38;5;160mff[38;5;160mff[38;5;160mff[38;5;160mff[0m       [38;5;75mfnmadd.[38;5;251m f31[0m,[38;5;251m f31[0m,[38;5;251m f31[0m,[38;5;251m f31[0m[0m
                [38;5;34m0x001005b8[0m      [38;5;160mff[38;5;160mff[38;5;160mff[38;5;160mff[0m       [38;5;75mfnmadd.[38;5;251m f31[0m,[38;5;251m f31[0m,[38;5;251m f31[0m,[38;5;251m f31[0m[0m
                [38;5;34m0x001005bc[0m      [38;5;160mff[38;5;160mff[38;5;160mff[38;5;160mff[0m       [38;5;75mfnmadd.[38;5;251m f31[0m,[38;5;251m f31[0m,[38;5;251m f31[0m,[38;5;251m f31[0m[0m
                [38;5;34m0x001005c0[0m      [38;5;160mff[38;5;160mff[38;5;160mff[38;5;160mff[0m       [38;5;75mfnmadd.[38;5;251m f31[0m,[38;5;251m f31[0m,[38;5;251m f31[0m,[38;5;251m f31[0m[0m
                [38;5;34m0x001005c4[0m      [38;5;160mff[38;5;160mff[38;5;160mff[38;5;160mff[0m       [38;5;75mfnmadd.[38;5;251m f31[0m,[38;5;251m f31[0m,[38;5;251m f31[0m,[38;5;251m f31[0m[0m
                [38;5;34m0x001005c8[0m      [38;5;160mff[38;5;160mff[38;5;160mff[38;5;160mff[0m       [38;5;75mfnmadd.[38;5;251m f31[0m,[38;5;251m f31[0m,[38;5;251m f31[0m,[38;5;251m f31[0m[0m
                [38;5;34m0x001005cc[0m      [38;5;160mff[38;5;160mff[38;5;160mff[38;5;160mff[0m       [38;5;75mfnmadd.[38;5;251m f31[0m,[38;5;251m f31[0m,[38;5;251m f31[0m,[38;5;251m f31[0m[0m
                [38;5;34m0x001005d0[0m      [38;5;160mff[38;5;160mff[38;5;160mff[38;5;160mff[0m       [38;5;75mfnmadd.[38;5;251m f31[0m,[38;5;251m f31[0m,[38;5;251m f31[0m,[38;5;251m f31[0m[0m
                [38;5;34m0x001005d4[0m      [38;5;160mff[38;5;160mff[38;5;160mff[38;5;160mff[0m       [38;5;75mfnmadd.[38;5;251m f31[0m,[38;5;251m f31[0m,[38;5;251m f31[0m,[38;5;251m f31[0m[0m
                [38;5;34m0x001005d8[0m      [38;5;160mff[38;5;160mff[38;5;160mff[38;5;160mff[0m       [38;5;75mfnmadd.[38;5;251m f31[0m,[38;5;251m f31[0m,[38;5;251m f31[0m,[38;5;251m f31[0m[0m
                [38;5;34m0x001005dc[0m      [38;5;160mff[38;5;160mff[38;5;160mff[38;5;160mff[0m       [38;5;75mfnmadd.[38;5;251m f31[0m,[38;5;251m f31[0m,[38;5;251m f31[0m,[38;5;251m f31[0m[0m
                [38;5;34m0x001005e0[0m      [38;5;160mff[38;5;160mff[38;5;160mff[38;5;160mff[0m       [38;5;75mfnmadd.[38;5;251m f31[0m,[38;5;251m f31[0m,[38;5;251m f31[0m,[38;5;251m f31[0m[0m
                [38;5;34m0x001005e4[0m      [38;5;160mff[38;5;160mff[38;5;160mff[38;5;160mff[0m       [38;5;75mfnmadd.[38;5;251m f31[0m,[38;5;251m f31[0m,[38;5;251m f31[0m,[38;5;251m f31[0m[0m
                [38;5;34m0x001005e8[0m      [38;5;160mff[38;5;160mff[38;5;160mff[38;5;160mff[0m       [38;5;75mfnmadd.[38;5;251m f31[0m,[38;5;251m f31[0m,[38;5;251m f31[0m,[38;5;251m f31[0m[0m
                [38;5;34m0x001005ec[0m      [38;5;160mff[38;5;160mff[38;5;160mff[38;5;160mff[0m       [38;5;75mfnmadd.[38;5;251m f31[0m,[38;5;251m f31[0m,[38;5;251m f31[0m,[38;5;251m f31[0m[0m
                [38;5;34m0x001005f0[0m      [38;5;160mff[38;5;160mff[38;5;160mff[38;5;160mff[0m       [38;5;75mfnmadd.[38;5;251m f31[0m,[38;5;251m f31[0m,[38;5;251m f31[0m,[38;5;251m f31[0m[0m

  === Address 0x100570 (64 instructions) ===
                [38;5;34m0x00100570[0m      [38;5;160mff[38;5;160mff[38;5;160mff[38;5;160mff[0m       [38;5;75mfnmadd.[38;5;251m f31[0m,[38;5;251m f31[0m,[38;5;251m f31[0m,[38;5;251m f31[0m[0m
                [38;5;34m0x00100574[0m      [38;5;160mff[38;5;160mff[38;5;160mff[38;5;160mff[0m       [38;5;75mfnmadd.[38;5;251m f31[0m,[38;5;251m f31[0m,[38;5;251m f31[0m,[38;5;251m f31[0m[0m
                [38;5;34m0x00100578[0m      [38;5;160mff[38;5;160mff[38;5;160mff[38;5;160mff[0m       [38;5;75mfnmadd.[38;5;251m f31[0m,[38;5;251m f31[0m,[38;5;251m f31[0m,[38;5;251m f31[0m[0m
                [38;5;34m0x0010057c[0m      [38;5;160mff[38;5;160mff[38;5;160mff[38;5;160mff[0m       [38;5;75mfnmadd.[38;5;251m f31[0m,[38;5;251m f31[0m,[38;5;251m f31[0m,[38;5;251m f31[0m[0m
                [38;5;34m0x00100580[0m      [38;5;160mff[38;5;160mff[38;5;160mff[38;5;160mff[0m       [38;5;75mfnmadd.[38;5;251m f31[0m,[38;5;251m f31[0m,[38;5;251m f31[0m,[38;5;251m f31[0m[0m
                [38;5;34m0x00100584[0m      [38;5;160mff[38;5;160mff[38;5;160mff[38;5;160mff[0m       [38;5;75mfnmadd.[38;5;251m f31[0m,[38;5;251m f31[0m,[38;5;251m f31[0m,[38;5;251m f31[0m[0m
                [38;5;34m0x00100588[0m      [38;5;160mff[38;5;160mff[38;5;160mff[38;5;160mff[0m       [38;5;75mfnmadd.[38;5;251m f31[0m,[38;5;251m f31[0m,[38;5;251m f31[0m,[38;5;251m f31[0m[0m
                [38;5;34m0x0010058c[0m      [38;5;160mff[38;5;160mff[38;5;160mff[38;5;160mff[0m       [38;5;75mfnmadd.[38;5;251m f31[0m,[38;5;251m f31[0m,[38;5;251m f31[0m,[38;5;251m f31[0m[0m
                [38;5;34m0x00100590[0m      [38;5;160mff[38;5;160mff[38;5;160mff[38;5;160mff[0m       [38;5;75mfnmadd.[38;5;251m f31[0m,[38;5;251m f31[0m,[38;5;251m f31[0m,[38;5;251m f31[0m[0m
                [38;5;34m0x00100594[0m      [38;5;160mff[38;5;160mff[38;5;160mff[38;5;160mff[0m       [38;5;75mfnmadd.[38;5;251m f31[0m,[38;5;251m f31[0m,[38;5;251m f31[0m,[38;5;251m f31[0m[0m
                [38;5;34m0x00100598[0m      [38;5;160mff[38;5;160mff[38;5;160mff[38;5;160mff[0m       [38;5;75mfnmadd.[38;5;251m f31[0m,[38;5;251m f31[0m,[38;5;251m f31[0m,[38;5;251m f31[0m[0m
                [38;5;34m0x0010059c[0m      [38;5;160mff[38;5;160mff[38;5;160mff[38;5;160mff[0m       [38;5;75mfnmadd.[38;5;251m f31[0m,[38;5;251m f31[0m,[38;5;251m f31[0m,[38;5;251m f31[0m[0m
                [38;5;34m0x001005a0[0m      [38;5;160mff[38;5;160mff[38;5;160mff[38;5;160mff[0m       [38;5;75mfnmadd.[38;5;251m f31[0m,[38;5;251m f31[0m,[38;5;251m f31[0m,[38;5;251m f31[0m[0m
                [38;5;34m0x001005a4[0m      [38;5;160mff[38;5;160mff[38;5;160mff[38;5;160mff[0m       [38;5;75mfnmadd.[38;5;251m f31[0m,[38;5;251m f31[0m,[38;5;251m f31[0m,[38;5;251m f31[0m[0m
                [38;5;34m0x001005a8[0m      [38;5;160mff[38;5;160mff[38;5;160mff[38;5;160mff[0m       [38;5;75mfnmadd.[38;5;251m f31[0m,[38;5;251m f31[0m,[38;5;251m f31[0m,[38;5;251m f31[0m[0m
                [38;5;34m0x001005ac[0m      [38;5;160mff[38;5;160mff[38;5;160mff[38;5;160mff[0m       [38;5;75mfnmadd.[38;5;251m f31[0m,[38;5;251m f31[0m,[38;5;251m f31[0m,[38;5;251m f31[0m[0m
                [38;5;34m0x001005b0[0m      [38;5;160mff[38;5;160mff[38;5;160mff[38;5;160mff[0m       [38;5;75mfnmadd.[38;5;251m f31[0m,[38;5;251m f31[0m,[38;5;251m f31[0m,[38;5;251m f31[0m[0m
                [38;5;34m0x001005b4[0m      [38;5;160mff[38;5;160mff[38;5;160mff[38;5;160mff[0m       [38;5;75mfnmadd.[38;5;251m f31[0m,[38;5;251m f31[0m,[38;5;251m f31[0m,[38;5;251m f31[0m[0m
                [38;5;34m0x001005b8[0m      [38;5;160mff[38;5;160mff[38;5;160mff[38;5;160mff[0m       [38;5;75mfnmadd.[38;5;251m f31[0m,[38;5;251m f31[0m,[38;5;251m f31[0m,[38;5;251m f31[0m[0m
                [38;5;34m0x001005bc[0m      [38;5;160mff[38;5;160mff[38;5;160mff[38;5;160mff[0m       [38;5;75mfnmadd.[38;5;251m f31[0m,[38;5;251m f31[0m,[38;5;251m f31[0m,[38;5;251m f31[0m[0m
                [38;5;34m0x001005c0[0m      [38;5;160mff[38;5;160mff[38;5;160mff[38;5;160mff[0m       [38;5;75mfnmadd.[38;5;251m f31[0m,[38;5;251m f31[0m,[38;5;251m f31[0m,[38;5;251m f31[0m[0m
                [38;5;34m0x001005c4[0m      [38;5;160mff[38;5;160mff[38;5;160mff[38;5;160mff[0m       [38;5;75mfnmadd.[38;5;251m f31[0m,[38;5;251m f31[0m,[38;5;251m f31[0m,[38;5;251m f31[0m[0m
                [38;5;34m0x001005c8[0m      [38;5;160mff[38;5;160mff[38;5;160mff[38;5;160mff[0m       [38;5;75mfnmadd.[38;5;251m f31[0m,[38;5;251m f31[0m,[38;5;251m f31[0m,[38;5;251m f31[0m[0m
                [38;5;34m0x001005cc[0m      [38;5;160mff[38;5;160mff[38;5;160mff[38;5;160mff[0m       [38;5;75mfnmadd.[38;5;251m f31[0m,[38;5;251m f31[0m,[38;5;251m f31[0m,[38;5;251m f31[0m[0m
                [38;5;34m0x001005d0[0m      [38;5;160mff[38;5;160mff[38;5;160mff[38;5;160mff[0m       [38;5;75mfnmadd.[38;5;251m f31[0m,[38;5;251m f31[0m,[38;5;251m f31[0m,[38;5;251m f31[0m[0m
                [38;5;34m0x001005d4[0m      [38;5;160mff[38;5;160mff[38;5;160mff[38;5;160mff[0m       [38;5;75mfnmadd.[38;5;251m f31[0m,[38;5;251m f31[0m,[38;5;251m f31[0m,[38;5;251m f31[0m[0m
                [38;5;34m0x001005d8[0m      [38;5;160mff[38;5;160mff[38;5;160mff[38;5;160mff[0m       [38;5;75mfnmadd.[38;5;251m f31[0m,[38;5;251m f31[0m,[38;5;251m f31[0m,[38;5;251m f31[0m[0m
                [38;5;34m0x001005dc[0m      [38;5;160mff[38;5;160mff[38;5;160mff[38;5;160mff[0m       [38;5;75mfnmadd.[38;5;251m f31[0m,[38;5;251m f31[0m,[38;5;251m f31[0m,[38;5;251m f31[0m[0m
                [38;5;34m0x001005e0[0m      [38;5;160mff[38;5;160mff[38;5;160mff[38;5;160mff[0m       [38;5;75mfnmadd.[38;5;251m f31[0m,[38;5;251m f31[0m,[38;5;251m f31[0m,[38;5;251m f31[0m[0m
                [38;5;34m0x001005e4[0m      [38;5;160mff[38;5;160mff[38;5;160mff[38;5;160mff[0m       [38;5;75mfnmadd.[38;5;251m f31[0m,[38;5;251m f31[0m,[38;5;251m f31[0m,[38;5;251m f31[0m[0m
                [38;5;34m0x001005e8[0m      [38;5;160mff[38;5;160mff[38;5;160mff[38;5;160mff[0m       [38;5;75mfnmadd.[38;5;251m f31[0m,[38;5;251m f31[0m,[38;5;251m f31[0m,[38;5;251m f31[0m[0m
                [38;5;34m0x001005ec[0m      [38;5;160mff[38;5;160mff[38;5;160mff[38;5;160mff[0m       [38;5;75mfnmadd.[38;5;251m f31[0m,[38;5;251m f31[0m,[38;5;251m f31[0m,[38;5;251m f31[0m[0m
                [38;5;34m0x001005f0[0m      [38;5;160mff[38;5;160mff[38;5;160mff[38;5;160mff[0m       [38;5;75mfnmadd.[38;5;251m f31[0m,[38;5;251m f31[0m,[38;5;251m f31[0m,[38;5;251m f31[0m[0m
                [38;5;34m0x001005f4[0m      [38;5;160mff[38;5;160mff[38;5;160mff[38;5;160mff[0m       [38;5;75mfnmadd.[38;5;251m f31[0m,[38;5;251m f31[0m,[38;5;251m f31[0m,[38;5;251m f31[0m[0m
                [38;5;34m0x001005f8[0m      [38;5;160mff[38;5;160mff[38;5;160mff[38;5;160mff[0m       [38;5;75mfnmadd.[38;5;251m f31[0m,[38;5;251m f31[0m,[38;5;251m f31[0m,[38;5;251m f31[0m[0m
                [38;5;34m0x001005fc[0m      [38;5;160mff[38;5;160mff[38;5;160mff[38;5;160mff[0m       [38;5;75mfnmadd.[38;5;251m f31[0m,[38;5;251m f31[0m,[38;5;251m f31[0m,[38;5;251m f31[0m[0m
                [38;5;34m0x00100600[0m      [38;5;160mff[38;5;160mff[38;5;160mff[38;5;160mff[0m       [38;5;75mfnmadd.[38;5;251m f31[0m,[38;5;251m f31[0m,[38;5;251m f31[0m,[38;5;251m f31[0m[0m
                [38;5;34m0x00100604[0m      [38;5;160mff[38;5;160mff[38;5;160mff[38;5;160mff[0m       [38;5;75mfnmadd.[38;5;251m f31[0m,[38;5;251m f31[0m,[38;5;251m f31[0m,[38;5;251m f31[0m[0m
                [38;5;34m0x00100608[0m      [38;5;160mff[38;5;160mff[38;5;160mff[38;5;160mff[0m       [38;5;75mfnmadd.[38;5;251m f31[0m,[38;5;251m f31[0m,[38;5;251m f31[0m,[38;5;251m f31[0m[0m
                [38;5;34m0x0010060c[0m      [38;5;160mff[38;5;160mff[38;5;160mff[38;5;160mff[0m       [38;5;75mfnmadd.[38;5;251m f31[0m,[38;5;251m f31[0m,[38;5;251m f31[0m,[38;5;251m f31[0m[0m
                [38;5;34m0x00100610[0m      [38;5;160mff[38;5;160mff[38;5;160mff[38;5;160mff[0m       [38;5;75mfnmadd.[38;5;251m f31[0m,[38;5;251m f31[0m,[38;5;251m f31[0m,[38;5;251m f31[0m[0m
                [38;5;34m0x00100614[0m      [38;5;160mff[38;5;160mff[38;5;160mff[38;5;160mff[0m       [38;5;75mfnmadd.[38;5;251m f31[0m,[38;5;251m f31[0m,[38;5;251m f31[0m,[38;5;251m f31[0m[0m
                [38;5;34m0x00100618[0m      [38;5;160mff[38;5;160mff[38;5;160mff[38;5;160mff[0m       [38;5;75mfnmadd.[38;5;251m f31[0m,[38;5;251m f31[0m,[38;5;251m f31[0m,[38;5;251m f31[0m[0m
                [38;5;34m0x0010061c[0m      [38;5;160mff[38;5;160mff[38;5;160mff[38;5;160mff[0m       [38;5;75mfnmadd.[38;5;251m f31[0m,[38;5;251m f31[0m,[38;5;251m f31[0m,[38;5;251m f31[0m[0m
                [38;5;34m0x00100620[0m      [38;5;160mff[38;5;160mff[38;5;160mff[38;5;160mff[0m       [38;5;75mfnmadd.[38;5;251m f31[0m,[38;5;251m f31[0m,[38;5;251m f31[0m,[38;5;251m f31[0m[0m
                [38;5;34m0x00100624[0m      [38;5;160mff[38;5;160mff[38;5;160mff[38;5;160mff[0m       [38;5;75mfnmadd.[38;5;251m f31[0m,[38;5;251m f31[0m,[38;5;251m f31[0m,[38;5;251m f31[0m[0m
                [38;5;34m0x00100628[0m      [38;5;160mff[38;5;160mff[38;5;160mff[38;5;160mff[0m       [38;5;75mfnmadd.[38;5;251m f31[0m,[38;5;251m f31[0m,[38;5;251m f31[0m,[38;5;251m f31[0m[0m
                [38;5;34m0x0010062c[0m      [38;5;160mff[38;5;160mff[38;5;160mff[38;5;160mff[0m       [38;5;75mfnmadd.[38;5;251m f31[0m,[38;5;251m f31[0m,[38;5;251m f31[0m,[38;5;251m f31[0m[0m
                [38;5;34m0x00100630[0m      [38;5;160mff[38;5;160mff[38;5;160mff[38;5;160mff[0m       [38;5;75mfnmadd.[38;5;251m f31[0m,[38;5;251m f31[0m,[38;5;251m f31[0m,[38;5;251m f31[0m[0m
                [38;5;34m0x00100634[0m      [38;5;160mff[38;5;160mff[38;5;160mff[38;5;160mff[0m       [38;5;75mfnmadd.[38;5;251m f31[0m,[38;5;251m f31[0m,[38;5;251m f31[0m,[38;5;251m f31[0m[0m
                [38;5;34m0x00100638[0m      [38;5;160mff[38;5;160mff[38;5;160mff[38;5;160mff[0m       [38;5;75mfnmadd.[38;5;251m f31[0m,[38;5;251m f31[0m,[38;5;251m f31[0m,[38;5;251m f31[0m[0m
                [38;5;34m0x0010063c[0m      [38;5;160mff[38;5;160mff[38;5;160mff[38;5;160mff[0m       [38;5;75mfnmadd.[38;5;251m f31[0m,[38;5;251m f31[0m,[38;5;251m f31[0m,[38;5;251m f31[0m[0m
                [38;5;34m0x00100640[0m      [38;5;160mff[38;5;160mff[38;5;160mff[38;5;160mff[0m       [38;5;75mfnmadd.[38;5;251m f31[0m,[38;5;251m f31[0m,[38;5;251m f31[0m,[38;5;251m f31[0m[0m
                [38;5;34m0x00100644[0m      [38;5;160mff[38;5;160mff[38;5;160mff[38;5;160mff[0m       [38;5;75mfnmadd.[38;5;251m f31[0m,[38;5;251m f31[0m,[38;5;251m f31[0m,[38;5;251m f31[0m[0m
                [38;5;34m0x00100648[0m      [38;5;160mff[38;5;160mff[38;5;160mff[38;5;160mff[0m       [38;5;75mfnmadd.[38;5;251m f31[0m,[38;5;251m f31[0m,[38;5;251m f31[0m,[38;5;251m f31[0m[0m
                [38;5;34m0x0010064c[0m      [38;5;160mff[38;5;160mff[38;5;160mff[38;5;160mff[0m       [38;5;75mfnmadd.[38;5;251m f31[0m,[38;5;251m f31[0m,[38;5;251m f31[0m,[38;5;251m f31[0m[0m
                [38;5;34m0x00100650[0m      [38;5;160mff[38;5;160mff[38;5;160mff[38;5;160mff[0m       [38;5;75mfnmadd.[38;5;251m f31[0m,[38;5;251m f31[0m,[38;5;251m f31[0m,[38;5;251m f31[0m[0m
                [38;5;34m0x00100654[0m      [38;5;160mff[38;5;160mff[38;5;160mff[38;5;160mff[0m       [38;5;75mfnmadd.[38;5;251m f31[0m,[38;5;251m f31[0m,[38;5;251m f31[0m,[38;5;251m f31[0m[0m
                [38;5;34m0x00100658[0m      [38;5;160mff[38;5;160mff[38;5;160mff[38;5;160mff[0m       [38;5;75mfnmadd.[38;5;251m f31[0m,[38;5;251m f31[0m,[38;5;251m f31[0m,[38;5;251m f31[0m[0m
                [38;5;34m0x0010065c[0m      [38;5;160mff[38;5;160mff[38;5;160mff[38;5;160mff[0m       [38;5;75mfnmadd.[38;5;251m f31[0m,[38;5;251m f31[0m,[38;5;251m f31[0m,[38;5;251m f31[0m[0m
                [38;5;34m0x00100660[0m      [38;5;160mff[38;5;160mff[38;5;160mff[38;5;160mff[0m       [38;5;75mfnmadd.[38;5;251m f31[0m,[38;5;251m f31[0m,[38;5;251m f31[0m,[38;5;251m f31[0m[0m
                [38;5;34m0x00100664[0m      [38;5;160mff[38;5;160mff[38;5;160mff[38;5;160mff[0m       [38;5;75mfnmadd.[38;5;251m f31[0m,[38;5;251m f31[0m,[38;5;251m f31[0m,[38;5;251m f31[0m[0m
                [38;5;34m0x00100668[0m      [38;5;160mff[38;5;160mff[38;5;160mff[38;5;160mff[0m       [38;5;75mfnmadd.[38;5;251m f31[0m,[38;5;251m f31[0m,[38;5;251m f31[0m,[38;5;251m f31[0m[0m
                [38;5;34m0x0010066c[0m      [38;5;160mff[38;5;160mff[38;5;160mff[38;5;160mff[0m       [38;5;75mfnmadd.[38;5;251m f31[0m,[38;5;251m f31[0m,[38;5;251m f31[0m,[38;5;251m f31[0m[0m

  === Address 0x1005D8 (64 instructions) ===
                [38;5;34m0x001005d8[0m      [38;5;160mff[38;5;160mff[38;5;160mff[38;5;160mff[0m       [38;5;75mfnmadd.[38;5;251m f31[0m,[38;5;251m f31[0m,[38;5;251m f31[0m,[38;5;251m f31[0m[0m
                [38;5;34m0x001005dc[0m      [38;5;160mff[38;5;160mff[38;5;160mff[38;5;160mff[0m       [38;5;75mfnmadd.[38;5;251m f31[0m,[38;5;251m f31[0m,[38;5;251m f31[0m,[38;5;251m f31[0m[0m
                [38;5;34m0x001005e0[0m      [38;5;160mff[38;5;160mff[38;5;160mff[38;5;160mff[0m       [38;5;75mfnmadd.[38;5;251m f31[0m,[38;5;251m f31[0m,[38;5;251m f31[0m,[38;5;251m f31[0m[0m
                [38;5;34m0x001005e4[0m      [38;5;160mff[38;5;160mff[38;5;160mff[38;5;160mff[0m       [38;5;75mfnmadd.[38;5;251m f31[0m,[38;5;251m f31[0m,[38;5;251m f31[0m,[38;5;251m f31[0m[0m
                [38;5;34m0x001005e8[0m      [38;5;160mff[38;5;160mff[38;5;160mff[38;5;160mff[0m       [38;5;75mfnmadd.[38;5;251m f31[0m,[38;5;251m f31[0m,[38;5;251m f31[0m,[38;5;251m f31[0m[0m
                [38;5;34m0x001005ec[0m      [38;5;160mff[38;5;160mff[38;5;160mff[38;5;160mff[0m       [38;5;75mfnmadd.[38;5;251m f31[0m,[38;5;251m f31[0m,[38;5;251m f31[0m,[38;5;251m f31[0m[0m
                [38;5;34m0x001005f0[0m      [38;5;160mff[38;5;160mff[38;5;160mff[38;5;160mff[0m       [38;5;75mfnmadd.[38;5;251m f31[0m,[38;5;251m f31[0m,[38;5;251m f31[0m,[38;5;251m f31[0m[0m
                [38;5;34m0x001005f4[0m      [38;5;160mff[38;5;160mff[38;5;160mff[38;5;160mff[0m       [38;5;75mfnmadd.[38;5;251m f31[0m,[38;5;251m f31[0m,[38;5;251m f31[0m,[38;5;251m f31[0m[0m
                [38;5;34m0x001005f8[0m      [38;5;160mff[38;5;160mff[38;5;160mff[38;5;160mff[0m       [38;5;75mfnmadd.[38;5;251m f31[0m,[38;5;251m f31[0m,[38;5;251m f31[0m,[38;5;251m f31[0m[0m
                [38;5;34m0x001005fc[0m      [38;5;160mff[38;5;160mff[38;5;160mff[38;5;160mff[0m       [38;5;75mfnmadd.[38;5;251m f31[0m,[38;5;251m f31[0m,[38;5;251m f31[0m,[38;5;251m f31[0m[0m
                [38;5;34m0x00100600[0m      [38;5;160mff[38;5;160mff[38;5;160mff[38;5;160mff[0m       [38;5;75mfnmadd.[38;5;251m f31[0m,[38;5;251m f31[0m,[38;5;251m f31[0m,[38;5;251m f31[0m[0m
                [38;5;34m0x00100604[0m      [38;5;160mff[38;5;160mff[38;5;160mff[38;5;160mff[0m       [38;5;75mfnmadd.[38;5;251m f31[0m,[38;5;251m f31[0m,[38;5;251m f31[0m,[38;5;251m f31[0m[0m
                [38;5;34m0x00100608[0m      [38;5;160mff[38;5;160mff[38;5;160mff[38;5;160mff[0m       [38;5;75mfnmadd.[38;5;251m f31[0m,[38;5;251m f31[0m,[38;5;251m f31[0m,[38;5;251m f31[0m[0m
                [38;5;34m0x0010060c[0m      [38;5;160mff[38;5;160mff[38;5;160mff[38;5;160mff[0m       [38;5;75mfnmadd.[38;5;251m f31[0m,[38;5;251m f31[0m,[38;5;251m f31[0m,[38;5;251m f31[0m[0m
                [38;5;34m0x00100610[0m      [38;5;160mff[38;5;160mff[38;5;160mff[38;5;160mff[0m       [38;5;75mfnmadd.[38;5;251m f31[0m,[38;5;251m f31[0m,[38;5;251m f31[0m,[38;5;251m f31[0m[0m
                [38;5;34m0x00100614[0m      [38;5;160mff[38;5;160mff[38;5;160mff[38;5;160mff[0m       [38;5;75mfnmadd.[38;5;251m f31[0m,[38;5;251m f31[0m,[38;5;251m f31[0m,[38;5;251m f31[0m[0m
                [38;5;34m0x00100618[0m      [38;5;160mff[38;5;160mff[38;5;160mff[38;5;160mff[0m       [38;5;75mfnmadd.[38;5;251m f31[0m,[38;5;251m f31[0m,[38;5;251m f31[0m,[38;5;251m f31[0m[0m
                [38;5;34m0x0010061c[0m      [38;5;160mff[38;5;160mff[38;5;160mff[38;5;160mff[0m       [38;5;75mfnmadd.[38;5;251m f31[0m,[38;5;251m f31[0m,[38;5;251m f31[0m,[38;5;251m f31[0m[0m
                [38;5;34m0x00100620[0m      [38;5;160mff[38;5;160mff[38;5;160mff[38;5;160mff[0m       [38;5;75mfnmadd.[38;5;251m f31[0m,[38;5;251m f31[0m,[38;5;251m f31[0m,[38;5;251m f31[0m[0m
                [38;5;34m0x00100624[0m      [38;5;160mff[38;5;160mff[38;5;160mff[38;5;160mff[0m       [38;5;75mfnmadd.[38;5;251m f31[0m,[38;5;251m f31[0m,[38;5;251m f31[0m,[38;5;251m f31[0m[0m
                [38;5;34m0x00100628[0m      [38;5;160mff[38;5;160mff[38;5;160mff[38;5;160mff[0m       [38;5;75mfnmadd.[38;5;251m f31[0m,[38;5;251m f31[0m,[38;5;251m f31[0m,[38;5;251m f31[0m[0m
                [38;5;34m0x0010062c[0m      [38;5;160mff[38;5;160mff[38;5;160mff[38;5;160mff[0m       [38;5;75mfnmadd.[38;5;251m f31[0m,[38;5;251m f31[0m,[38;5;251m f31[0m,[38;5;251m f31[0m[0m
                [38;5;34m0x00100630[0m      [38;5;160mff[38;5;160mff[38;5;160mff[38;5;160mff[0m       [38;5;75mfnmadd.[38;5;251m f31[0m,[38;5;251m f31[0m,[38;5;251m f31[0m,[38;5;251m f31[0m[0m
                [38;5;34m0x00100634[0m      [38;5;160mff[38;5;160mff[38;5;160mff[38;5;160mff[0m       [38;5;75mfnmadd.[38;5;251m f31[0m,[38;5;251m f31[0m,[38;5;251m f31[0m,[38;5;251m f31[0m[0m
                [38;5;34m0x00100638[0m      [38;5;160mff[38;5;160mff[38;5;160mff[38;5;160mff[0m       [38;5;75mfnmadd.[38;5;251m f31[0m,[38;5;251m f31[0m,[38;5;251m f31[0m,[38;5;251m f31[0m[0m
                [38;5;34m0x0010063c[0m      [38;5;160mff[38;5;160mff[38;5;160mff[38;5;160mff[0m       [38;5;75mfnmadd.[38;5;251m f31[0m,[38;5;251m f31[0m,[38;5;251m f31[0m,[38;5;251m f31[0m[0m
                [38;5;34m0x00100640[0m      [38;5;160mff[38;5;160mff[38;5;160mff[38;5;160mff[0m       [38;5;75mfnmadd.[38;5;251m f31[0m,[38;5;251m f31[0m,[38;5;251m f31[0m,[38;5;251m f31[0m[0m
                [38;5;34m0x00100644[0m      [38;5;160mff[38;5;160mff[38;5;160mff[38;5;160mff[0m       [38;5;75mfnmadd.[38;5;251m f31[0m,[38;5;251m f31[0m,[38;5;251m f31[0m,[38;5;251m f31[0m[0m
                [38;5;34m0x00100648[0m      [38;5;160mff[38;5;160mff[38;5;160mff[38;5;160mff[0m       [38;5;75mfnmadd.[38;5;251m f31[0m,[38;5;251m f31[0m,[38;5;251m f31[0m,[38;5;251m f31[0m[0m
                [38;5;34m0x0010064c[0m      [38;5;160mff[38;5;160mff[38;5;160mff[38;5;160mff[0m       [38;5;75mfnmadd.[38;5;251m f31[0m,[38;5;251m f31[0m,[38;5;251m f31[0m,[38;5;251m f31[0m[0m
                [38;5;34m0x00100650[0m      [38;5;160mff[38;5;160mff[38;5;160mff[38;5;160mff[0m       [38;5;75mfnmadd.[38;5;251m f31[0m,[38;5;251m f31[0m,[38;5;251m f31[0m,[38;5;251m f31[0m[0m
                [38;5;34m0x00100654[0m      [38;5;160mff[38;5;160mff[38;5;160mff[38;5;160mff[0m       [38;5;75mfnmadd.[38;5;251m f31[0m,[38;5;251m f31[0m,[38;5;251m f31[0m,[38;5;251m f31[0m[0m
                [38;5;34m0x00100658[0m      [38;5;160mff[38;5;160mff[38;5;160mff[38;5;160mff[0m       [38;5;75mfnmadd.[38;5;251m f31[0m,[38;5;251m f31[0m,[38;5;251m f31[0m,[38;5;251m f31[0m[0m
                [38;5;34m0x0010065c[0m      [38;5;160mff[38;5;160mff[38;5;160mff[38;5;160mff[0m       [38;5;75mfnmadd.[38;5;251m f31[0m,[38;5;251m f31[0m,[38;5;251m f31[0m,[38;5;251m f31[0m[0m
                [38;5;34m0x00100660[0m      [38;5;160mff[38;5;160mff[38;5;160mff[38;5;160mff[0m       [38;5;75mfnmadd.[38;5;251m f31[0m,[38;5;251m f31[0m,[38;5;251m f31[0m,[38;5;251m f31[0m[0m
                [38;5;34m0x00100664[0m      [38;5;160mff[38;5;160mff[38;5;160mff[38;5;160mff[0m       [38;5;75mfnmadd.[38;5;251m f31[0m,[38;5;251m f31[0m,[38;5;251m f31[0m,[38;5;251m f31[0m[0m
                [38;5;34m0x00100668[0m      [38;5;160mff[38;5;160mff[38;5;160mff[38;5;160mff[0m       [38;5;75mfnmadd.[38;5;251m f31[0m,[38;5;251m f31[0m,[38;5;251m f31[0m,[38;5;251m f31[0m[0m
                [38;5;34m0x0010066c[0m      [38;5;160mff[38;5;160mff[38;5;160mff[38;5;160mff[0m       [38;5;75mfnmadd.[38;5;251m f31[0m,[38;5;251m f31[0m,[38;5;251m f31[0m,[38;5;251m f31[0m[0m
                [38;5;34m0x00100670[0m      [38;5;160mff[38;5;160mff[38;5;160mff[38;5;160mff[0m       [38;5;75mfnmadd.[38;5;251m f31[0m,[38;5;251m f31[0m,[38;5;251m f31[0m,[38;5;251m f31[0m[0m
                [38;5;34m0x00100674[0m      [38;5;160mff[38;5;160mff[38;5;160mff[38;5;160mff[0m       [38;5;75mfnmadd.[38;5;251m f31[0m,[38;5;251m f31[0m,[38;5;251m f31[0m,[38;5;251m f31[0m[0m
                [38;5;34m0x00100678[0m      [38;5;160mff[38;5;160mff[38;5;160mff[38;5;160mff[0m       [38;5;75mfnmadd.[38;5;251m f31[0m,[38;5;251m f31[0m,[38;5;251m f31[0m,[38;5;251m f31[0m[0m
                [38;5;34m0x0010067c[0m      [38;5;160mff[38;5;160mff[38;5;160mff[38;5;160mff[0m       [38;5;75mfnmadd.[38;5;251m f31[0m,[38;5;251m f31[0m,[38;5;251m f31[0m,[38;5;251m f31[0m[0m
                [38;5;34m0x00100680[0m      [38;5;160mff[38;5;160mff[38;5;160mff[38;5;160mff[0m       [38;5;75mfnmadd.[38;5;251m f31[0m,[38;5;251m f31[0m,[38;5;251m f31[0m,[38;5;251m f31[0m[0m
                [38;5;34m0x00100684[0m      [38;5;160mff[38;5;160mff[38;5;160mff[38;5;160mff[0m       [38;5;75mfnmadd.[38;5;251m f31[0m,[38;5;251m f31[0m,[38;5;251m f31[0m,[38;5;251m f31[0m[0m
                [38;5;34m0x00100688[0m      [38;5;160mff[38;5;160mff[38;5;160mff[38;5;160mff[0m       [38;5;75mfnmadd.[38;5;251m f31[0m,[38;5;251m f31[0m,[38;5;251m f31[0m,[38;5;251m f31[0m[0m
                [38;5;34m0x0010068c[0m      [38;5;160mff[38;5;160mff[38;5;160mff[38;5;160mff[0m       [38;5;75mfnmadd.[38;5;251m f31[0m,[38;5;251m f31[0m,[38;5;251m f31[0m,[38;5;251m f31[0m[0m
                [38;5;34m0x00100690[0m      [38;5;160mff[38;5;160mff[38;5;160mff[38;5;160mff[0m       [38;5;75mfnmadd.[38;5;251m f31[0m,[38;5;251m f31[0m,[38;5;251m f31[0m,[38;5;251m f31[0m[0m
                [38;5;34m0x00100694[0m      [38;5;160mff[38;5;160mff[38;5;160mff[38;5;160mff[0m       [38;5;75mfnmadd.[38;5;251m f31[0m,[38;5;251m f31[0m,[38;5;251m f31[0m,[38;5;251m f31[0m[0m
                [38;5;34m0x00100698[0m      [38;5;160mff[38;5;160mff[38;5;160mff[38;5;160mff[0m       [38;5;75mfnmadd.[38;5;251m f31[0m,[38;5;251m f31[0m,[38;5;251m f31[0m,[38;5;251m f31[0m[0m
                [38;5;34m0x0010069c[0m      [38;5;160mff[38;5;160mff[38;5;160mff[38;5;160mff[0m       [38;5;75mfnmadd.[38;5;251m f31[0m,[38;5;251m f31[0m,[38;5;251m f31[0m,[38;5;251m f31[0m[0m
                [38;5;34m0x001006a0[0m      [38;5;160mff[38;5;160mff[38;5;160mff[38;5;160mff[0m       [38;5;75mfnmadd.[38;5;251m f31[0m,[38;5;251m f31[0m,[38;5;251m f31[0m,[38;5;251m f31[0m[0m
                [38;5;34m0x001006a4[0m      [38;5;160mff[38;5;160mff[38;5;160mff[38;5;160mff[0m       [38;5;75mfnmadd.[38;5;251m f31[0m,[38;5;251m f31[0m,[38;5;251m f31[0m,[38;5;251m f31[0m[0m
                [38;5;34m0x001006a8[0m      [38;5;160mff[38;5;160mff[38;5;160mff[38;5;160mff[0m       [38;5;75mfnmadd.[38;5;251m f31[0m,[38;5;251m f31[0m,[38;5;251m f31[0m,[38;5;251m f31[0m[0m
                [38;5;34m0x001006ac[0m      [38;5;160mff[38;5;160mff[38;5;160mff[38;5;160mff[0m       [38;5;75mfnmadd.[38;5;251m f31[0m,[38;5;251m f31[0m,[38;5;251m f31[0m,[38;5;251m f31[0m[0m
                [38;5;34m0x001006b0[0m      [38;5;160mff[38;5;160mff[38;5;160mff[38;5;160mff[0m       [38;5;75mfnmadd.[38;5;251m f31[0m,[38;5;251m f31[0m,[38;5;251m f31[0m,[38;5;251m f31[0m[0m
                [38;5;34m0x001006b4[0m      [38;5;160mff[38;5;160mff[38;5;160mff[38;5;160mff[0m       [38;5;75mfnmadd.[38;5;251m f31[0m,[38;5;251m f31[0m,[38;5;251m f31[0m,[38;5;251m f31[0m[0m
                [38;5;34m0x001006b8[0m      [38;5;160mff[38;5;160mff[38;5;160mff[38;5;160mff[0m       [38;5;75mfnmadd.[38;5;251m f31[0m,[38;5;251m f31[0m,[38;5;251m f31[0m,[38;5;251m f31[0m[0m
                [38;5;34m0x001006bc[0m      [38;5;160mff[38;5;160mff[38;5;160mff[38;5;160mff[0m       [38;5;75mfnmadd.[38;5;251m f31[0m,[38;5;251m f31[0m,[38;5;251m f31[0m,[38;5;251m f31[0m[0m
                [38;5;34m0x001006c0[0m      [38;5;160mff[38;5;160mff[38;5;160mff[38;5;160mff[0m       [38;5;75mfnmadd.[38;5;251m f31[0m,[38;5;251m f31[0m,[38;5;251m f31[0m,[38;5;251m f31[0m[0m
                [38;5;34m0x001006c4[0m      [38;5;160mff[38;5;160mff[38;5;160mff[38;5;160mff[0m       [38;5;75mfnmadd.[38;5;251m f31[0m,[38;5;251m f31[0m,[38;5;251m f31[0m,[38;5;251m f31[0m[0m
                [38;5;34m0x001006c8[0m      [38;5;160mff[38;5;160mff[38;5;160mff[38;5;160mff[0m       [38;5;75mfnmadd.[38;5;251m f31[0m,[38;5;251m f31[0m,[38;5;251m f31[0m,[38;5;251m f31[0m[0m
                [38;5;34m0x001006cc[0m      [38;5;160mff[38;5;160mff[38;5;160mff[38;5;160mff[0m       [38;5;75mfnmadd.[38;5;251m f31[0m,[38;5;251m f31[0m,[38;5;251m f31[0m,[38;5;251m f31[0m[0m
                [38;5;34m0x001006d0[0m      [38;5;160mff[38;5;160mff[38;5;160mff[38;5;160mff[0m       [38;5;75mfnmadd.[38;5;251m f31[0m,[38;5;251m f31[0m,[38;5;251m f31[0m,[38;5;251m f31[0m[0m
                [38;5;34m0x001006d4[0m      [38;5;160mff[38;5;160mff[38;5;160mff[38;5;160mff[0m       [38;5;75mfnmadd.[38;5;251m f31[0m,[38;5;251m f31[0m,[38;5;251m f31[0m,[38;5;251m f31[0m[0m

[8/8] Full registration handler region (0x100000-0x101000)...
  Saved      512 lines to /Users/mihailurmanschi/Work/PsOldRemotePlay/research/tools/re_tools/output/elf_premo_game_plugin/premo_game_plugin_r2_reghandler_full.txt

  XOR instructions in registration handler:
    (none found)

=== Analysis complete. Output files saved to: /Users/mihailurmanschi/Work/PsOldRemotePlay/research/tools/re_tools/output/elf_premo_game_plugin ===
  -rw-r--r--  1 mihailurmanschi  staff     544 Mar 28 16:32 /Users/mihailurmanschi/Work/PsOldRemotePlay/research/tools/re_tools/output/elf_premo_game_plugin/premo_game_plugin_elf_header.txt
  -rw-r--r--  1 mihailurmanschi  staff     173 Mar 28 16:32 /Users/mihailurmanschi/Work/PsOldRemotePlay/research/tools/re_tools/output/elf_premo_game_plugin/premo_game_plugin_file_id.txt
  -rw-r--r--  1 mihailurmanschi  staff   52736 Mar 28 16:32 /Users/mihailurmanschi/Work/PsOldRemotePlay/research/tools/re_tools/output/elf_premo_game_plugin/premo_game_plugin_r2_disasm.txt
  -rw-r--r--  1 mihailurmanschi  staff     198 Mar 28 16:32 /Users/mihailurmanschi/Work/PsOldRemotePlay/research/tools/re_tools/output/elf_premo_game_plugin/premo_game_plugin_r2_exports.txt
  -rw-r--r--  1 mihailurmanschi  staff     114 Mar 28 16:32 /Users/mihailurmanschi/Work/PsOldRemotePlay/research/tools/re_tools/output/elf_premo_game_plugin/premo_game_plugin_r2_imports.txt
  -rw-r--r--  1 mihailurmanschi  staff     423 Mar 28 16:32 /Users/mihailurmanschi/Work/PsOldRemotePlay/research/tools/re_tools/output/elf_premo_game_plugin/premo_game_plugin_r2_info.txt
  -rw-r--r--  1 mihailurmanschi  staff  105472 Mar 28 16:32 /Users/mihailurmanschi/Work/PsOldRemotePlay/research/tools/re_tools/output/elf_premo_game_plugin/premo_game_plugin_r2_reghandler_full.txt
  -rw-r--r--  1 mihailurmanschi  staff     198 Mar 28 16:32 /Users/mihailurmanschi/Work/PsOldRemotePlay/research/tools/re_tools/output/elf_premo_game_plugin/premo_game_plugin_r2_sections.txt
  -rw-r--r--  1 mihailurmanschi  staff    8578 Mar 28 16:32 /Users/mihailurmanschi/Work/PsOldRemotePlay/research/tools/re_tools/output/elf_premo_game_plugin/premo_game_plugin_strings.txt
  -rw-r--r--  1 mihailurmanschi  staff       0 Mar 28 16:32 /Users/mihailurmanschi/Work/PsOldRemotePlay/research/tools/re_tools/output/elf_premo_game_plugin/premo_game_plugin_symbols.txt
